INFINITE MDP: 
100,3907.45,20.7942,6.156
Expected reward: 54472.5 vs. Actual reward: 3907.45

FINITE MDP MODEL (TREE): 
100,5129.11,1.13844,7.264
Expected reward: 4793.76 vs. Actual reward: 5129.11
Steps made: 100

FINITE MDP MODEL (CLASSIC): 
100,4644.56,0.356276,7.404
Expected reward: 4793.76 vs. Actual reward: 4644.56
Steps made: 100

INFINITE MDP: 
250,12273,20.8445,7.404
Expected reward: 54472.5 vs. Actual reward: 12273

FINITE MDP MODEL (TREE): 
250,12786.8,3.48827,7.404
Expected reward: 13090 vs. Actual reward: 12786.8
Steps made: 250

FINITE MDP MODEL (CLASSIC): 
250,13184.2,0.889633,7.472
Expected reward: 13090 vs. Actual reward: 13184.2
Steps made: 250

INFINITE MDP: 
500,27127.2,20.8587,7.472
Expected reward: 54472.5 vs. Actual reward: 27127.2

FINITE MDP MODEL (TREE): 
500,26553.1,7.84842,7.472
Expected reward: 26917.7 vs. Actual reward: 26553.1
Steps made: 500

FINITE MDP MODEL (CLASSIC): 
500,26913.5,1.77029,7.728
Expected reward: 26917.7 vs. Actual reward: 26913.5
Steps made: 500

INFINITE MDP: 
750,40608.4,20.8382,7.728
Expected reward: 54472.5 vs. Actual reward: 40608.4

FINITE MDP MODEL (TREE): 
750,40970.4,12.2419,7.728
Expected reward: 40745.6 vs. Actual reward: 40970.4
Steps made: 750

FINITE MDP MODEL (CLASSIC): 
750,40551.2,2.65077,7.944
Expected reward: 40745.6 vs. Actual reward: 40551.2
Steps made: 750

INFINITE MDP: 
1000,53940.2,20.789,7.944
Expected reward: 54472.5 vs. Actual reward: 53940.2

FINITE MDP MODEL (TREE): 
1000,54947.9,17.4317,7.944
Expected reward: 54573.7 vs. Actual reward: 54947.9
Steps made: 1000

FINITE MDP MODEL (CLASSIC): 
1000,54347,3.53071,8.16
Expected reward: 54573.7 vs. Actual reward: 54347
Steps made: 1000

INFINITE MDP: 
