FINITE MDP MODEL (NAIVE): 
MEMORY USED: 75.164
MEMORY WITH FULL STACK: 75164
MEMORY WITH EMPTY STACK: 75164
100,6431.05,8.24778,0.4
Expected reward: 6182.7 vs. Actual reward: 6431.05

FINITE MDP MODEL (TREE): 
MEMORY USED: 74.34
MEMORY USED: 74.34
MEMORY USED: 74.34
MEMORY USED: 74.34
MEMORY USED: 74.34
MEMORY USED: 74.34
MEMORY USED: 74.34
MEMORY USED: 74.34
MEMORY USED: 74.34
MEMORY USED: 74.34
MEMORY USED: 74.34
MEMORY USED: 74.34
MEMORY USED: 74.34
MEMORY USED: 74.34
MEMORY USED: 74.34
MEMORY USED: 74.34
MEMORY USED: 74.34
MEMORY USED: 74.34
MEMORY USED: 74.34
MEMORY USED: 74.34
MEMORY USED: 74.34
MEMORY USED: 74.34
MEMORY USED: 74.34
MEMORY USED: 74.34
MEMORY USED: 74.34
MEMORY USED: 74.34
MEMORY USED: 74.34
MEMORY USED: 74.34
MEMORY USED: 74.34
MEMORY USED: 74.34
MEMORY USED: 74.34
MEMORY USED: 74.34
MEMORY USED: 74.34
MEMORY USED: 74.34
MEMORY USED: 74.34
MEMORY USED: 74.34
MEMORY USED: 74.34
MEMORY USED: 74.34
MEMORY USED: 74.34
MEMORY USED: 74.34
MEMORY USED: 74.34
MEMORY USED: 74.34
MEMORY USED: 74.34
MEMORY USED: 74.34
MEMORY USED: 74.34
MEMORY USED: 74.34
MEMORY USED: 74.34
MEMORY USED: 74.34
MEMORY USED: 74.34
MEMORY USED: 74.34
MEMORY USED: 74.34
MEMORY USED: 74.34
MEMORY USED: 74.34
MEMORY USED: 74.34
MEMORY USED: 74.34
MEMORY USED: 74.34
MEMORY USED: 74.34
MEMORY USED: 74.34
MEMORY USED: 74.34
MEMORY USED: 74.34
MEMORY USED: 74.34
MEMORY USED: 74.34
MEMORY USED: 74.34
MEMORY USED: 74.34
MEMORY USED: 74.34
MEMORY USED: 74.34
MEMORY USED: 74.34
MEMORY USED: 74.34
MEMORY USED: 74.34
MEMORY USED: 74.34
MEMORY USED: 74.34
MEMORY USED: 74.34
MEMORY USED: 74.34
MEMORY USED: 74.34
MEMORY USED: 74.34
MEMORY USED: 74.34
MEMORY USED: 74.34
MEMORY USED: 74.34
MEMORY USED: 74.34
MEMORY USED: 74.34
MEMORY USED: 74.34
MEMORY USED: 74.34
MEMORY USED: 74.34
MEMORY USED: 74.34
MEMORY USED: 74.34
MEMORY USED: 74.34
MEMORY USED: 74.34
MEMORY USED: 74.34
MEMORY USED: 74.34
MEMORY USED: 74.34
MEMORY USED: 74.34
MEMORY USED: 74.34
MEMORY USED: 74.34
MEMORY USED: 74.34
MEMORY USED: 74.34
MEMORY USED: 74.34
MEMORY USED: 74.34
MEMORY USED: 74.34
MEMORY USED: 74.34
MEMORY USED: 74.34
100,6431.05,26.1708,0.024
Expected reward: 6182.7 vs. Actual reward: 6431.05

