TEST 0
----------------
51224KB
97952KB
144680KB
191672KB
238400KB
261896KB
261896KB
261896KB
261896KB
261896KB
261896KB
215308KB
215308KB
215308KB
215308KB
238536KB
238536KB
238536KB
238536KB
238536KB
Total Reward after 0 horizons: 505.333
238536KB
238536KB
238536KB
238536KB
238536KB
262152KB
262152KB
262152KB
262152KB
262152KB
238860KB
238860KB
238860KB
238860KB
238860KB
238860KB
238860KB
238860KB
238860KB
238860KB
Total Reward after 1 horizons: 1152.82
238568KB
238568KB
238568KB
238568KB
238568KB
262060KB
262060KB
262060KB
262060KB
262060KB
238984KB
238984KB
238984KB
238984KB
238984KB
238984KB
238984KB
238984KB
238984KB
238984KB
Total Reward after 2 horizons: 1881.78
238984KB
238984KB
238984KB
238984KB
238984KB
261948KB
261948KB
238984KB
238984KB
238984KB
238984KB
238984KB
238984KB
238984KB
238984KB
238984KB
238984KB
238984KB
238984KB
238984KB
Total Reward after 3 horizons: 1895.78

TEST 1
----------------
238984KB
238984KB
238984KB
238984KB
238984KB
261948KB
261948KB
261948KB
261948KB
261948KB
261948KB
259860KB
259860KB
259860KB
259860KB
259860KB
259860KB
259860KB
259860KB
259860KB
Total Reward after 0 horizons: 666.624
259748KB
259748KB
259748KB
259748KB
259748KB
262120KB
262120KB
262120KB
262120KB
262120KB
262120KB
259748KB
259748KB
259748KB
259748KB
259748KB
259748KB
259748KB
259748KB
259748KB
Total Reward after 1 horizons: 1511.26
238984KB
238984KB
238984KB
238984KB
238984KB
261948KB
261948KB
261948KB
261948KB
261948KB
238984KB
238984KB
238984KB
238984KB
238984KB
238984KB
238984KB
238984KB
238984KB
238984KB
Total Reward after 2 horizons: 2272.71
238984KB
238984KB
238984KB
238984KB
238984KB
261948KB
261948KB
261948KB
261948KB
261948KB
238984KB
238984KB
238984KB
238984KB
238984KB
238984KB
238984KB
238984KB
238984KB
238984KB
Total Reward after 3 horizons: 2132.71

TEST 2
----------------
238984KB
238984KB
238984KB
238984KB
238984KB
261948KB
261948KB
261948KB
261948KB
261948KB
261948KB
261948KB
261948KB
261948KB
261948KB
261948KB
243036KB
243036KB
243036KB
243036KB
Total Reward after 0 horizons: 388.856
243036KB
243036KB
243036KB
243036KB
243036KB
262040KB
262040KB
262040KB
262040KB
262040KB
243036KB
243036KB
243036KB
243036KB
243036KB
243036KB
243036KB
243036KB
243036KB
243036KB
Total Reward after 1 horizons: 1169.03
238984KB
238984KB
238984KB
238984KB
238984KB
261948KB
261948KB
261948KB
261948KB
261948KB
238984KB
238984KB
238984KB
238984KB
238984KB
238984KB
238984KB
238984KB
238984KB
238984KB
Total Reward after 2 horizons: 1954.25
238984KB
238984KB
238984KB
238984KB
238984KB
261948KB
261948KB
261948KB
261948KB
261948KB
261948KB
238984KB
238984KB
238984KB
238984KB
238984KB
238984KB
238984KB
238984KB
238984KB
Total Reward after 3 horizons: 1972.25

TEST 3
----------------
238984KB
238984KB
238984KB
238984KB
238984KB
261948KB
261948KB
261948KB
261948KB
261948KB
261948KB
238984KB
238984KB
238984KB
238984KB
238984KB
238984KB
238984KB
238984KB
238984KB
Total Reward after 0 horizons: 179.617
238984KB
238984KB
238984KB
238984KB
238984KB
261948KB
261948KB
261948KB
261948KB
261948KB
241360KB
239144KB
239144KB
239144KB
239144KB
239144KB
239144KB
239144KB
239144KB
239144KB
Total Reward after 1 horizons: 404.854
238984KB
238984KB
238984KB
238984KB
238984KB
261948KB
261948KB
238984KB
238984KB
238984KB
238984KB
238984KB
238984KB
238984KB
238984KB
238984KB
238984KB
238984KB
238984KB
238984KB
Total Reward after 2 horizons: 807.162
238984KB
238984KB
238984KB
238984KB
238984KB
261948KB
261948KB
261948KB
261948KB
261948KB
238984KB
238984KB
238984KB
238984KB
238984KB
238984KB
238984KB
238984KB
238984KB
238984KB
Total Reward after 3 horizons: 919.162

TEST 4
----------------
238984KB
238984KB
238984KB
238984KB
238984KB
261948KB
261948KB
261948KB
261948KB
261948KB
261948KB
261948KB
261948KB
261948KB
261948KB
261948KB
261948KB
261948KB
261948KB
261948KB
Total Reward after 0 horizons: 491.822
238984KB
238984KB
238984KB
238984KB
238984KB
261948KB
261948KB
261948KB
261948KB
261948KB
238984KB
238984KB
238984KB
238984KB
238984KB
238984KB
238984KB
238984KB
238984KB
238984KB
Total Reward after 1 horizons: 1280.15
238984KB
238984KB
238984KB
238984KB
238984KB
261948KB
261948KB
261948KB
261948KB
261948KB
241360KB
239112KB
239112KB
239112KB
239112KB
239112KB
239112KB
239112KB
239112KB
239112KB
Total Reward after 2 horizons: 2087.97
238984KB
238984KB
238984KB
238984KB
238984KB
261948KB
261948KB
261948KB
261948KB
261948KB
238984KB
238984KB
238984KB
238984KB
238984KB
238984KB
238984KB
238984KB
238984KB
238984KB
Total Reward after 3 horizons: 2221.97

TEST 5
----------------
238984KB
238984KB
238984KB
238984KB
238984KB
261948KB
261948KB
261948KB
261948KB
261948KB
261948KB
261948KB
261948KB
261948KB
261948KB
261948KB
261948KB
261948KB
261948KB
261948KB
Total Reward after 0 horizons: 692.879
261948KB
261948KB
261948KB
261948KB
261948KB
261948KB
261948KB
261948KB
261948KB
261948KB
261948KB
238984KB
238984KB
238984KB
238984KB
238984KB
238984KB
238984KB
238984KB
238984KB
Total Reward after 1 horizons: 1762.75
238984KB
238984KB
238984KB
238984KB
238984KB
261948KB
261948KB
261948KB
261948KB
261948KB
241360KB
239112KB
239112KB
239112KB
239112KB
239112KB
239112KB
239112KB
239112KB
239112KB
Total Reward after 2 horizons: 2563.75
238984KB
238984KB
238984KB
238984KB
238984KB
261948KB
261948KB
261948KB
261948KB
261948KB
238984KB
238984KB
238984KB
238984KB
238984KB
238984KB
238984KB
238984KB
238984KB
238984KB
Total Reward after 3 horizons: 2589.75

TEST 6
----------------
238984KB
238984KB
238984KB
238984KB
238984KB
261948KB
261948KB
261948KB
261948KB
261948KB
261948KB
261948KB
261948KB
261948KB
261948KB
238984KB
238984KB
238984KB
238984KB
238984KB
Total Reward after 0 horizons: 649.171
238984KB
238984KB
238984KB
238984KB
238984KB
261948KB
261948KB
261948KB
261948KB
261948KB
241360KB
239112KB
239112KB
239112KB
239112KB
239112KB
239112KB
239112KB
239112KB
239112KB
Total Reward after 1 horizons: 1550.12
238984KB
238984KB
238984KB
238984KB
238984KB
261948KB
261948KB
261948KB
261948KB
261948KB
261948KB
238984KB
238984KB
238984KB
238984KB
238984KB
238984KB
238984KB
238984KB
238984KB
Total Reward after 2 horizons: 2413.01
238984KB
238984KB
238984KB
238984KB
238984KB
261948KB
261948KB
261948KB
261948KB
261948KB
241360KB
239144KB
239144KB
239144KB
239144KB
239144KB
239144KB
239144KB
239144KB
239144KB
Total Reward after 3 horizons: 2443.01

TEST 7
----------------
238984KB
238984KB
238984KB
238984KB
238984KB
261948KB
261948KB
261948KB
261948KB
261948KB
261948KB
238984KB
238984KB
238984KB
238984KB
238984KB
238984KB
238984KB
238984KB
238984KB
Total Reward after 0 horizons: 755.635
238984KB
238984KB
238984KB
238984KB
238984KB
261948KB
261948KB
261948KB
261948KB
261948KB
238984KB
238984KB
238984KB
238984KB
238984KB
238984KB
238984KB
238984KB
238984KB
238984KB
Total Reward after 1 horizons: 1740.98
238984KB
238984KB
238984KB
238984KB
238984KB
261948KB
261948KB
261948KB
261948KB
261948KB
238984KB
238984KB
238984KB
238984KB
238984KB
238984KB
238984KB
238984KB
238984KB
238984KB
Total Reward after 2 horizons: 2552.11
238984KB
238984KB
238984KB
238984KB
238984KB
261948KB
261948KB
261948KB
261948KB
261948KB
238984KB
238984KB
238984KB
238984KB
238984KB
238984KB
238984KB
238984KB
238984KB
238984KB
Total Reward after 3 horizons: 2582.11

TEST 8
----------------
238984KB
238984KB
238984KB
238984KB
238984KB
261948KB
261948KB
261948KB
261948KB
261948KB
261948KB
243180KB
243180KB
243180KB
243180KB
243180KB
243180KB
243180KB
243180KB
243180KB
Total Reward after 0 horizons: 670.592
238984KB
238984KB
238984KB
238984KB
238984KB
261948KB
261948KB
261948KB
261948KB
261948KB
238984KB
238984KB
238984KB
238984KB
238984KB
238984KB
238984KB
238984KB
238984KB
238984KB
Total Reward after 1 horizons: 1346.3
238984KB
238984KB
238984KB
238984KB
238984KB
261948KB
261948KB
261948KB
261948KB
261948KB
261948KB
258092KB
258092KB
258092KB
258092KB
258092KB
258092KB
258092KB
258092KB
258092KB
Total Reward after 2 horizons: 2085.74
258092KB
258092KB
258092KB
258092KB
258092KB
262048KB
262048KB
262048KB
262048KB
262048KB
262048KB
258092KB
258092KB
258092KB
258092KB
258092KB
258092KB
258092KB
258092KB
258092KB
Total Reward after 3 horizons: 2203.74

TEST 9
----------------
238984KB
238984KB
238984KB
238984KB
238984KB
261948KB
261948KB
261948KB
261948KB
261948KB
261948KB
261948KB
261948KB
261948KB
261948KB
261948KB
261948KB
261948KB
261948KB
261948KB
Total Reward after 0 horizons: 584.177
238984KB
238984KB
238984KB
238984KB
238984KB
261948KB
261948KB
261948KB
261948KB
261948KB
238984KB
238984KB
238984KB
238984KB
238984KB
238984KB
238984KB
238984KB
238984KB
238984KB
Total Reward after 1 horizons: 1541.43
238984KB
238984KB
238984KB
238984KB
238984KB
261948KB
261948KB
261948KB
261948KB
261948KB
241360KB
239112KB
239112KB
239112KB
239112KB
239112KB
239112KB
239112KB
239112KB
239112KB
Total Reward after 2 horizons: 2370.81
238984KB
238984KB
238984KB
238984KB
238984KB
261948KB
261948KB
261948KB
261948KB
261948KB
238984KB
238984KB
238984KB
238984KB
238984KB
238984KB
238984KB
238984KB
238984KB
238984KB
Total Reward after 3 horizons: 2266.81


Total results after running 10 tests
Average total rewards : 2122.73

94479399 microseconds
