TEST 0
----------------
27900KB
27900KB
27900KB
27900KB
27900KB
27900KB
27900KB
27900KB
27900KB
27900KB
27900KB
27900KB
27900KB
27900KB
27900KB
27900KB
27900KB
27900KB
27900KB
27900KB
27900KB
27900KB
27900KB
27900KB
27900KB
27900KB
27900KB
27900KB
27900KB
27900KB
27900KB
27900KB
27900KB
27900KB
27900KB
27900KB
27900KB
27900KB
27900KB
27900KB
27900KB
27900KB
27900KB
27900KB
27900KB
27900KB
27900KB
27900KB
27900KB
27900KB
27900KB
27900KB
27900KB
27900KB
27900KB
27900KB
27900KB
27900KB
27900KB
27900KB
27900KB
27900KB
27900KB
27900KB
27900KB
27900KB
27900KB
27900KB
27900KB
27900KB
27900KB
27900KB
27900KB
27900KB
27900KB
27900KB
27900KB
27900KB
27900KB
Total Reward after evaluation: 2477.37

TEST 1
----------------
28032KB
28032KB
28032KB
28032KB
28032KB
28032KB
28032KB
28032KB
28032KB
28032KB
28032KB
28032KB
28032KB
28032KB
28032KB
28032KB
28032KB
28032KB
28032KB
28032KB
28032KB
28032KB
28032KB
28032KB
28032KB
28032KB
28032KB
28032KB
28032KB
28032KB
28032KB
28032KB
28032KB
28032KB
28032KB
28032KB
28032KB
28032KB
28032KB
28032KB
28032KB
28032KB
28032KB
28032KB
28032KB
28032KB
28032KB
28032KB
28032KB
28032KB
28032KB
28032KB
28032KB
28032KB
28032KB
28032KB
28032KB
28032KB
28032KB
28032KB
28032KB
28032KB
28032KB
28032KB
28032KB
28032KB
28032KB
28032KB
28032KB
28032KB
28032KB
28032KB
28032KB
28032KB
28032KB
28032KB
28032KB
28032KB
28032KB
Total Reward after evaluation: 2691.66

TEST 2
----------------
28032KB
28032KB
28032KB
28032KB
28032KB
28032KB
28032KB
28032KB
28032KB
28032KB
28032KB
28032KB
28032KB
28032KB
28032KB
28032KB
28032KB
28032KB
28032KB
28032KB
28032KB
28032KB
28032KB
28032KB
28032KB
28032KB
28032KB
28032KB
28032KB
28032KB
28032KB
28032KB
28032KB
28032KB
28032KB
28032KB
28032KB
28032KB
28032KB
28032KB
28032KB
28032KB
28032KB
28032KB
28032KB
28032KB
28032KB
28032KB
28032KB
28032KB
28032KB
28032KB
28032KB
28032KB
28032KB
28032KB
28032KB
28032KB
28032KB
28032KB
28032KB
28032KB
28032KB
28032KB
28032KB
28032KB
28032KB
28032KB
28032KB
28032KB
28032KB
28032KB
28032KB
28032KB
28032KB
28032KB
28032KB
28032KB
28032KB
Total Reward after evaluation: 2405.21

TEST 3
----------------
28032KB
28032KB
28032KB
28032KB
28032KB
28032KB
28032KB
28032KB
28032KB
28032KB
28032KB
28032KB
28032KB
28032KB
28032KB
28032KB
28032KB
28032KB
28032KB
28032KB
28032KB
28032KB
28032KB
28032KB
28032KB
28032KB
28032KB
28032KB
28032KB
28032KB
28032KB
28032KB
28032KB
28032KB
28032KB
28032KB
28032KB
28032KB
28032KB
28032KB
28032KB
28032KB
28032KB
28032KB
28032KB
28032KB
28032KB
28032KB
28032KB
28032KB
28032KB
28032KB
28032KB
28032KB
28032KB
28032KB
28032KB
28032KB
28032KB
28032KB
28032KB
28032KB
28032KB
28032KB
28032KB
28032KB
28032KB
28032KB
28032KB
28032KB
28032KB
28032KB
28032KB
28032KB
28032KB
28032KB
28032KB
28032KB
28032KB
Total Reward after evaluation: 2108.45

TEST 4
----------------
28032KB
28032KB
28032KB
28032KB
28032KB
28032KB
28032KB
28032KB
28032KB
28032KB
28032KB
28032KB
28032KB
28032KB
28032KB
28032KB
28032KB
28032KB
28032KB
28032KB
28032KB
28032KB
28032KB
28032KB
28032KB
28032KB
28032KB
28032KB
28032KB
28032KB
28032KB
28032KB
28032KB
28032KB
28032KB
28032KB
28032KB
28032KB
28032KB
28032KB
28032KB
28032KB
28032KB
28032KB
28032KB
28032KB
28032KB
28032KB
28032KB
28032KB
28032KB
28032KB
28032KB
28032KB
28032KB
28032KB
28032KB
28032KB
28032KB
28032KB
28032KB
28032KB
28032KB
28032KB
28032KB
28032KB
28032KB
28032KB
28032KB
28032KB
28032KB
28032KB
28032KB
28032KB
28032KB
28032KB
28032KB
28032KB
28032KB
Total Reward after evaluation: 2383.65

TEST 5
----------------
28032KB
28032KB
28032KB
28032KB
28032KB
28032KB
28032KB
28032KB
28032KB
28032KB
28032KB
28032KB
28032KB
28032KB
28032KB
28032KB
28032KB
28032KB
28032KB
28032KB
28032KB
28032KB
28032KB
28032KB
28032KB
28032KB
28032KB
28032KB
28032KB
28032KB
28032KB
28032KB
28032KB
28032KB
28032KB
28032KB
28032KB
28032KB
28032KB
28032KB
28032KB
28032KB
28032KB
28032KB
28032KB
28032KB
28032KB
28032KB
28032KB
28032KB
28032KB
28032KB
28032KB
28032KB
28032KB
28032KB
28032KB
28032KB
28032KB
28032KB
28032KB
28032KB
28032KB
28032KB
28032KB
28032KB
28032KB
28032KB
28032KB
28032KB
28032KB
28032KB
28032KB
28032KB
28032KB
28032KB
28032KB
28032KB
28032KB
Total Reward after evaluation: 2113.72

TEST 6
----------------
28032KB
28032KB
28032KB
28032KB
28032KB
28032KB
28032KB
28032KB
28032KB
28032KB
28032KB
28032KB
28032KB
28032KB
28032KB
28032KB
28032KB
28032KB
28032KB
28032KB
28032KB
28032KB
28032KB
28032KB
28032KB
28032KB
28032KB
28032KB
28032KB
28032KB
28032KB
28032KB
28032KB
28032KB
28032KB
28032KB
28032KB
28032KB
28032KB
28032KB
28032KB
28032KB
28032KB
28032KB
28032KB
28032KB
28032KB
28032KB
28032KB
28032KB
28032KB
28032KB
28032KB
28032KB
28032KB
28032KB
28032KB
28032KB
28032KB
28032KB
28032KB
28032KB
28032KB
28032KB
28032KB
28032KB
28032KB
28032KB
28032KB
28032KB
28032KB
28032KB
28032KB
28032KB
28032KB
28032KB
28032KB
28032KB
28032KB
Total Reward after evaluation: 2136.46

TEST 7
----------------
28032KB
28032KB
28032KB
28032KB
28032KB
28032KB
28032KB
28032KB
28032KB
28032KB
28032KB
28032KB
28032KB
28032KB
28032KB
28032KB
28032KB
28032KB
28032KB
28032KB
28032KB
28032KB
28032KB
28032KB
28032KB
28032KB
28032KB
28032KB
28032KB
28032KB
28032KB
28032KB
28032KB
28032KB
28032KB
28032KB
28032KB
28032KB
28032KB
28032KB
28032KB
28032KB
28032KB
28032KB
28032KB
28032KB
28032KB
28032KB
28032KB
28032KB
28032KB
28032KB
28032KB
28032KB
28032KB
28032KB
28032KB
28032KB
28032KB
28032KB
28032KB
28032KB
28032KB
28032KB
28032KB
28032KB
28032KB
28032KB
28032KB
28032KB
28032KB
28032KB
28032KB
28032KB
28032KB
28032KB
28032KB
28032KB
28032KB
Total Reward after evaluation: 2454.68

TEST 8
----------------
28032KB
28032KB
28032KB
28032KB
28032KB
28032KB
28032KB
28032KB
28032KB
28032KB
28032KB
28032KB
28032KB
28032KB
28032KB
28032KB
28032KB
28032KB
28032KB
28032KB
28032KB
28032KB
28032KB
28032KB
28032KB
28032KB
28032KB
28032KB
28032KB
28032KB
28032KB
28032KB
28032KB
28032KB
28032KB
28032KB
28032KB
28032KB
28032KB
28032KB
28032KB
28032KB
28032KB
28032KB
28032KB
28032KB
28032KB
28032KB
28032KB
28032KB
28032KB
28032KB
28032KB
28032KB
28032KB
28032KB
28032KB
28032KB
28032KB
28032KB
28032KB
28032KB
28032KB
28032KB
28032KB
28032KB
28032KB
28032KB
28032KB
28032KB
28032KB
28032KB
28032KB
28032KB
28032KB
28032KB
28032KB
28032KB
28032KB
Total Reward after evaluation: 2356.44

TEST 9
----------------
28032KB
28032KB
28032KB
28032KB
28032KB
28032KB
28032KB
28032KB
28032KB
28032KB
28032KB
28032KB
28032KB
28032KB
28032KB
28032KB
28032KB
28032KB
28032KB
28032KB
28032KB
28032KB
28032KB
28032KB
28032KB
28032KB
28032KB
28032KB
28032KB
28032KB
28032KB
28032KB
28032KB
28032KB
28032KB
28032KB
28032KB
28032KB
28032KB
28032KB
28032KB
28032KB
28032KB
28032KB
28032KB
28032KB
28032KB
28032KB
28032KB
28032KB
28032KB
28032KB
28032KB
28032KB
28032KB
28032KB
28032KB
28032KB
28032KB
28032KB
28032KB
28032KB
28032KB
28032KB
28032KB
28032KB
28032KB
28032KB
28032KB
28032KB
28032KB
28032KB
28032KB
28032KB
28032KB
28032KB
28032KB
28032KB
28032KB
Total Reward after evaluation: 1227.25


Total results after running 10 tests
Average total rewards : 2235.49

29636412 microseconds
