ROOT FINITE MDP MODEL: 
(100,1.14303)
ROOT FINITE MDP MODEL: 
(250,3.20003)
ROOT FINITE MDP MODEL: 
(500,6.35003)
ROOT FINITE MDP MODEL: 
(750,9.015)
ROOT FINITE MDP MODEL: 
(1000,13.603)
ROOT FINITE MDP MODEL: 
(2500,30.634)
ROOT FINITE MDP MODEL: 
(5000,61.1961)
ROOT FINITE MDP MODEL: 
(7500,101.614)
ROOT FINITE MDP MODEL: 
(10000,121.267)
ROOT FINITE MDP MODEL: 
(25000,356.528)
ROOT FINITE MDP MODEL: 
(50000,653.257)
ROOT FINITE MDP MODEL: 
(75000,1138.03)
ROOT FINITE MDP MODEL: 
(100000,1186.06)

(100,1.14303)(250,3.20003)(500,6.35003)(750,9.015)(1000,13.603)(2500,30.634)(5000,61.1961)(7500,101.614)(10000,121.267)(25000,356.528)(50000,653.257)(75000,1138.03)(100000,1186.06)