NAIVE FINITE MDP MODEL: 
(100,0.623)
NAIVE FINITE MDP MODEL: 
(250,1.56703)
NAIVE FINITE MDP MODEL: 
(500,2.99)
NAIVE FINITE MDP MODEL: 
(750,4.6)
NAIVE FINITE MDP MODEL: 
(1000,5.979)
NAIVE FINITE MDP MODEL: 
(2500,16.145)
NAIVE FINITE MDP MODEL: 
(5000,30.022)
NAIVE FINITE MDP MODEL: 
(7500,46.945)
NAIVE FINITE MDP MODEL: 
(10000,62.5171)
NAIVE FINITE MDP MODEL: 
(25000,151.584)
NAIVE FINITE MDP MODEL: 
(50000,318.073)
NAIVE FINITE MDP MODEL: 
(75000,479.588)
NAIVE FINITE MDP MODEL: 
(100000,682.933)

(100,0.623)(250,1.56703)(500,2.99)(750,4.6)(1000,5.979)(2500,16.145)(5000,30.022)(7500,46.945)(10000,62.5171)(25000,151.584)(50000,318.073)(75000,479.588)(100000,682.933)
