TREE FINITE MDP MODEL: 
(100,2.11897)
TREE FINITE MDP MODEL: 
(250,7.063)
TREE FINITE MDP MODEL: 
(500,14.854)
TREE FINITE MDP MODEL: 
(750,23.427)
TREE FINITE MDP MODEL: 
(1000,33.442)
TREE FINITE MDP MODEL: 
(2500,107.126)
TREE FINITE MDP MODEL: 
(5000,238.77)
TREE FINITE MDP MODEL: 
(7500,385.119)
TREE FINITE MDP MODEL: 
(10000,553.123)
TREE FINITE MDP MODEL: 
(25000,1401.74)
TREE FINITE MDP MODEL: 
(50000,2924.77)
TREE FINITE MDP MODEL: 
(75000,4016.23)
TREE FINITE MDP MODEL: 
(100000,6256.89)

(100,2.11897)(250,7.063)(500,14.854)(750,23.427)(1000,33.442)(2500,107.126)(5000,238.77)(7500,385.119)(10000,553.123)(25000,1401.74)(50000,2924.77)(75000,4016.23)(100000,6256.89)