INFINITE MDP: 
100,2348.09,0.169366,10.136

FINITE MDP MODEL (TREE): 
100,2348.09,0.625459,22.96

FINITE MDP MODEL (CLASSIC): 
100,2346.81,0.250453,113.776

INFINITE MDP: 
250,7166.97,0.388619,113.776

FINITE MDP MODEL (TREE): 
250,7168.32,1.88586,113.776

FINITE MDP MODEL (CLASSIC): 
250,7129.81,0.607669,270.368

INFINITE MDP: 
500,13038,0.758494,270.368

FINITE MDP MODEL (TREE): 
500,13038,4.15718,270.368

FINITE MDP MODEL (CLASSIC): 
500,13001.5,1.18966,531.464

INFINITE MDP: 
750,19638.1,1.12201,531.464

FINITE MDP MODEL (TREE): 
750,19617.1,6.43527,531.464

FINITE MDP MODEL (CLASSIC): 
750,19597.4,1.75928,792.296

INFINITE MDP: 
1000,27127.5,1.51507,792.296

FINITE MDP MODEL (TREE): 
1000,25652.7,9.20119,792.296

FINITE MDP MODEL (CLASSIC): 
1000,25624.9,2.35246,1053.39

INFINITE MDP: 
2500,69540.6,3.71677,1053.39

FINITE MDP MODEL (TREE): 
2500,69184.7,25.081,1053.39

FINITE MDP MODEL (CLASSIC): 
2500,69146.2,6.04944,2619.7

INFINITE MDP: 
5000,129334,7.42329,2619.7

FINITE MDP MODEL (TREE): 
5000,129080,54.519,2619.7

FINITE MDP MODEL (CLASSIC): 
5000,129051,11.947,5229.87

INFINITE MDP: 
7500,206076,11.1192,5229.87

FINITE MDP MODEL (TREE): 
7500,199878,86.1233,5229.87

FINITE MDP MODEL (CLASSIC): 
7500,199866,17.6479,7840.04

INFINITE MDP: 
10000,269701,14.7895,7840.04

FINITE MDP MODEL (TREE): 
10000,268495,117.224,7840.04

FINITE MDP MODEL (CLASSIC): 
10000,268460,23.3675,10450.5

INFINITE MDP: 
100,2374.44,0.169724,10450.5

FINITE MDP MODEL (TREE): 
100,2417.06,0.620833,10450.5

FINITE MDP MODEL (CLASSIC): 
100,2415.78,0.23214,10450.5

INFINITE MDP: 
250,7126.14,0.387482,10450.5

FINITE MDP MODEL (TREE): 
250,7072.97,1.86751,10450.5

FINITE MDP MODEL (CLASSIC): 
250,7041.17,0.570278,10450.5

INFINITE MDP: 
500,13113.1,0.759271,10450.5

FINITE MDP MODEL (TREE): 
500,13111.4,4.16428,10450.5

FINITE MDP MODEL (CLASSIC): 
500,13076.9,1.14524,10450.5

INFINITE MDP: 
750,19979.1,1.12701,10450.5

FINITE MDP MODEL (TREE): 
750,19931.9,6.44641,10450.5

FINITE MDP MODEL (CLASSIC): 
750,19897.4,1.70977,10450.5

INFINITE MDP: 
1000,29039.7,1.49795,10450.5

FINITE MDP MODEL (TREE): 
1000,28987.1,9.13722,10450.5

FINITE MDP MODEL (CLASSIC): 
1000,28962.8,2.29395,10432.9

INFINITE MDP: 
2500,66266.2,3.70541,10450.5

FINITE MDP MODEL (TREE): 
2500,66345.1,25.0243,10432.9

FINITE MDP MODEL (CLASSIC): 
2500,66306.6,5.75174,10432.9

INFINITE MDP: 
5000,133719,7.41265,10450.5

FINITE MDP MODEL (TREE): 
5000,133578,54.3324,10026.8

FINITE MDP MODEL (CLASSIC): 
5000,133554,11.445,10026.8

INFINITE MDP: 
7500,194330,11.0363,10450.5

FINITE MDP MODEL (TREE): 
7500,194330,85.6049,10026.8

FINITE MDP MODEL (CLASSIC): 
7500,194324,17.1234,10026.8

INFINITE MDP: 
10000,275231,14.7759,10450.5

FINITE MDP MODEL (TREE): 
10000,274508,116.753,9349.16

FINITE MDP MODEL (CLASSIC): 
10000,274467,23.0732,10450.3

INFINITE MDP: 
100,2254.53,0.169154,10450.5

FINITE MDP MODEL (TREE): 
100,2246.53,0.622396,10450.3

FINITE MDP MODEL (CLASSIC): 
100,2245.25,0.232606,10450

INFINITE MDP: 
250,7213.86,0.39218,10450.5

FINITE MDP MODEL (TREE): 
250,7188.5,1.86538,10449.7

FINITE MDP MODEL (CLASSIC): 
250,7151.99,0.57122,10445.5

INFINITE MDP: 
500,12900.6,0.761349,10450.5

FINITE MDP MODEL (TREE): 
500,12811.4,4.16756,10445.5

FINITE MDP MODEL (CLASSIC): 
500,12782.6,1.15396,10445.5

INFINITE MDP: 
750,20402.4,1.13425,10450.5

FINITE MDP MODEL (TREE): 
750,20402.4,6.48023,10432.9

FINITE MDP MODEL (CLASSIC): 
750,20382.8,1.72011,10432.9

INFINITE MDP: 
1000,27428.1,1.49736,10450.5

FINITE MDP MODEL (TREE): 
1000,25755.5,9.14412,10432.9

FINITE MDP MODEL (CLASSIC): 
1000,25738.1,2.29491,10432.9

INFINITE MDP: 
2500,68021.2,3.70314,10450.5

FINITE MDP MODEL (TREE): 
2500,67385.1,25.0149,10432.9

FINITE MDP MODEL (CLASSIC): 
2500,67348.6,5.74074,10432.9

INFINITE MDP: 
5000,135111,7.43515,10450.5

FINITE MDP MODEL (TREE): 
5000,135357,54.4685,10112.2

FINITE MDP MODEL (CLASSIC): 
5000,135323,11.4973,10111.6

INFINITE MDP: 
7500,193493,11.1598,10450.5

FINITE MDP MODEL (TREE): 
7500,193726,86.3184,10111.6

FINITE MDP MODEL (CLASSIC): 
7500,193721,17.1987,10111.6

INFINITE MDP: 
10000,258112,14.7586,10450.5

FINITE MDP MODEL (TREE): 
10000,258267,116.871,10111.6

FINITE MDP MODEL (CLASSIC): 
10000,258226,22.9759,10450.4

INFINITE MDP: 
100,2321.9,0.173315,10450.5

FINITE MDP MODEL (TREE): 
100,2321.9,0.618237,10450.4

FINITE MDP MODEL (CLASSIC): 
100,2320.62,0.229929,10450.4

INFINITE MDP: 
250,6865.8,0.390579,10450.5

FINITE MDP MODEL (TREE): 
250,6865.8,1.87507,10450.4

FINITE MDP MODEL (CLASSIC): 
250,6827.64,0.573397,10450.4

INFINITE MDP: 
500,13534.9,0.767733,10450.5

FINITE MDP MODEL (TREE): 
500,13534.9,4.17216,10450.4

FINITE MDP MODEL (CLASSIC): 
500,13506.2,1.14428,10450.4

INFINITE MDP: 
750,20388.4,1.1259,10450.5

FINITE MDP MODEL (TREE): 
750,20557.7,6.50519,10450.4

FINITE MDP MODEL (CLASSIC): 
750,20534.2,1.71276,10450.4

INFINITE MDP: 
1000,27937.2,1.50256,10450.5

FINITE MDP MODEL (TREE): 
1000,27918.1,9.14956,10450.4

FINITE MDP MODEL (CLASSIC): 
1000,27886.8,2.29591,10450.4

INFINITE MDP: 
2500,60991.6,3.6952,10450.5

FINITE MDP MODEL (TREE): 
2500,60953,25.0333,10450.4

FINITE MDP MODEL (CLASSIC): 
2500,60914.5,5.68533,10450.4

INFINITE MDP: 
5000,131988,7.39424,10450.5

FINITE MDP MODEL (TREE): 
5000,132593,54.2538,10450.4

FINITE MDP MODEL (CLASSIC): 
5000,132560,11.4822,10450.4

INFINITE MDP: 
7500,199428,11.0658,10450.5

FINITE MDP MODEL (TREE): 
7500,193736,85.6762,10450.4

FINITE MDP MODEL (CLASSIC): 
7500,193728,17.0971,10197.4

INFINITE MDP: 
10000,263323,14.8472,10450.5

FINITE MDP MODEL (TREE): 
10000,263323,117.725,10197.4

FINITE MDP MODEL (CLASSIC): 
10000,263285,22.9994,10450.4

INFINITE MDP: 
100,2261.48,0.170062,10450.5

FINITE MDP MODEL (TREE): 
100,2162.58,0.621105,10450.4

FINITE MDP MODEL (CLASSIC): 
100,2161.3,0.231142,10450.4

INFINITE MDP: 
250,7174.73,0.3901,10450.5

FINITE MDP MODEL (TREE): 
250,7159.22,1.87429,10450.4

FINITE MDP MODEL (CLASSIC): 
250,7122.7,0.573596,10450.4

INFINITE MDP: 
500,12882.3,0.756404,10450.5

FINITE MDP MODEL (TREE): 
500,12876.2,4.13945,10450.4

FINITE MDP MODEL (CLASSIC): 
500,12839.7,1.14621,10445.4

INFINITE MDP: 
750,20408.7,1.13544,10450.5

FINITE MDP MODEL (TREE): 
750,20325.3,6.47321,10432.9

FINITE MDP MODEL (CLASSIC): 
750,20301.7,1.72635,10432.9

INFINITE MDP: 
1000,26576.4,1.48957,10450.5

FINITE MDP MODEL (TREE): 
1000,26576.4,9.10377,10432.9

FINITE MDP MODEL (CLASSIC): 
1000,26552,2.27944,10432.9

INFINITE MDP: 
2500,67903.1,3.69193,10450.5

FINITE MDP MODEL (TREE): 
2500,67815.3,24.9403,10432.9

FINITE MDP MODEL (CLASSIC): 
2500,67776.8,5.72749,10432.9

INFINITE MDP: 
5000,135173,7.37704,10450.5

FINITE MDP MODEL (TREE): 
5000,135049,54.0876,10364.4

FINITE MDP MODEL (CLASSIC): 
5000,135020,11.3876,10364.4

INFINITE MDP: 
7500,207213,11.1289,10450.5

FINITE MDP MODEL (TREE): 
7500,205617,86.1207,10364.4

FINITE MDP MODEL (CLASSIC): 
7500,205608,17.1626,9349.14

INFINITE MDP: 
10000,273131,14.758,10450.5

FINITE MDP MODEL (TREE): 
10000,272274,116.829,9349.14

FINITE MDP MODEL (CLASSIC): 
10000,272234,22.9868,10450.3

INFINITE MDP: 
100,2212.52,0.169951,10450.5

FINITE MDP MODEL (TREE): 
100,2321.06,0.61774,10450.3

FINITE MDP MODEL (CLASSIC): 
100,2319.77,0.237372,10449.9

INFINITE MDP: 
250,6900.37,0.395364,10450.5

FINITE MDP MODEL (TREE): 
250,6884.61,1.87626,10449.9

FINITE MDP MODEL (CLASSIC): 
250,6846.45,0.570862,10449.9

INFINITE MDP: 
500,12932,0.757309,10450.5

FINITE MDP MODEL (TREE): 
500,13468.5,4.1427,10445.4

FINITE MDP MODEL (CLASSIC): 
500,13430,1.14611,10445.4

INFINITE MDP: 
750,20693.6,1.1261,10450.5

FINITE MDP MODEL (TREE): 
750,20607.4,6.43231,10432.9

FINITE MDP MODEL (CLASSIC): 
750,20579.9,1.70629,10432.9

INFINITE MDP: 
1000,28044.7,1.50375,10450.5

FINITE MDP MODEL (TREE): 
1000,27667.9,9.12414,10432.9

FINITE MDP MODEL (CLASSIC): 
1000,27647,2.28715,10432.9

INFINITE MDP: 
2500,66898.2,3.72095,10450.5

FINITE MDP MODEL (TREE): 
2500,64914.9,25.1106,10432.9

FINITE MDP MODEL (CLASSIC): 
2500,64890.3,5.74954,10432.9

INFINITE MDP: 
5000,133892,7.3765,10450.5

FINITE MDP MODEL (TREE): 
5000,133200,54.0282,10068.6

FINITE MDP MODEL (CLASSIC): 
5000,133171,11.3267,9349.14

INFINITE MDP: 
7500,193144,11.1405,10450.5

FINITE MDP MODEL (TREE): 
7500,194458,86.0277,9349.14

FINITE MDP MODEL (CLASSIC): 
7500,194452,17.1347,9349.14

INFINITE MDP: 
10000,273901,14.7929,10450.5

FINITE MDP MODEL (TREE): 
10000,273986,116.852,9349.14

FINITE MDP MODEL (CLASSIC): 
10000,273948,22.9972,10450.3

INFINITE MDP: 
100,2454.71,0.169115,10450.5

FINITE MDP MODEL (TREE): 
100,2454.71,0.619552,10450.3

FINITE MDP MODEL (CLASSIC): 
100,2453.43,0.230464,10450.3

INFINITE MDP: 
250,6724.55,0.389637,10450.5

FINITE MDP MODEL (TREE): 
250,6551.68,1.87008,10449.7

FINITE MDP MODEL (CLASSIC): 
250,6526.24,0.570423,10449.7

INFINITE MDP: 
500,13117.1,0.762865,10450.5

FINITE MDP MODEL (TREE): 
500,13001.8,4.17062,10449.7

FINITE MDP MODEL (CLASSIC): 
500,12967.3,1.14504,10449.7

INFINITE MDP: 
750,19710.5,1.12524,10450.5

FINITE MDP MODEL (TREE): 
750,19756.4,6.47904,10449.7

FINITE MDP MODEL (CLASSIC): 
750,19728.9,1.70991,10432.9

INFINITE MDP: 
1000,28744.2,1.50262,10450.5

FINITE MDP MODEL (TREE): 
1000,28792.5,9.16021,10432.9

FINITE MDP MODEL (CLASSIC): 
1000,28764.6,2.28982,10432.9

INFINITE MDP: 
2500,70076.8,3.71445,10450.5

FINITE MDP MODEL (TREE): 
2500,70196.9,25.0476,10432.9

FINITE MDP MODEL (CLASSIC): 
2500,70160,5.75444,10432.9

INFINITE MDP: 
5000,131939,7.39821,10450.5

FINITE MDP MODEL (TREE): 
5000,131939,54.2774,9960.14

FINITE MDP MODEL (CLASSIC): 
5000,131920,11.3847,9959.14

INFINITE MDP: 
7500,202863,11.0447,10450.5

FINITE MDP MODEL (TREE): 
7500,202650,85.7365,9959.14

FINITE MDP MODEL (CLASSIC): 
7500,202641,17.0278,9829.79

INFINITE MDP: 
10000,263312,14.6851,10450.5

FINITE MDP MODEL (TREE): 
10000,263312,116.094,9829.79

FINITE MDP MODEL (CLASSIC): 
10000,263277,22.7814,10450.5

INFINITE MDP: 
100,2359.22,0.167973,10450.5

FINITE MDP MODEL (TREE): 
100,2321.06,0.620215,10450.5

FINITE MDP MODEL (CLASSIC): 
100,2319.77,0.229945,10450.5

INFINITE MDP: 
250,6830.85,0.390192,10450.5

FINITE MDP MODEL (TREE): 
250,6842.39,1.87511,10450.5

FINITE MDP MODEL (CLASSIC): 
250,6803.88,0.570917,10450.5

INFINITE MDP: 
500,12641.8,0.757237,10450.5

FINITE MDP MODEL (TREE): 
500,12644.4,4.15346,10450.5

FINITE MDP MODEL (CLASSIC): 
500,12605.9,1.14133,10450.5

INFINITE MDP: 
750,20016.8,1.1256,10450.5

FINITE MDP MODEL (TREE): 
750,20410.8,6.4386,10450.5

FINITE MDP MODEL (CLASSIC): 
750,20391.2,1.70832,10450.5

INFINITE MDP: 
1000,27507.9,1.49718,10450.5

FINITE MDP MODEL (TREE): 
1000,26937.5,9.12676,10450.5

FINITE MDP MODEL (CLASSIC): 
1000,26920.1,2.28167,10432.9

INFINITE MDP: 
2500,69469.4,3.67719,10450.5

FINITE MDP MODEL (TREE): 
2500,68672.2,24.7941,10432.9

FINITE MDP MODEL (CLASSIC): 
2500,68633.7,5.70006,10432.9

INFINITE MDP: 
5000,135844,7.36323,10450.5

FINITE MDP MODEL (TREE): 
5000,135522,53.9639,10045.8

FINITE MDP MODEL (CLASSIC): 
5000,135493,11.3442,10045.8

INFINITE MDP: 
7500,205545,11.1423,10450.5

FINITE MDP MODEL (TREE): 
7500,205474,86.0836,10045.8

FINITE MDP MODEL (CLASSIC): 
7500,205465,17.1511,9349.14

INFINITE MDP: 
10000,260964,14.7434,10450.5

FINITE MDP MODEL (TREE): 
10000,259437,116.819,9349.14

FINITE MDP MODEL (CLASSIC): 
10000,259399,23.029,10450.3

INFINITE MDP: 
100,2401.48,0.17123,10450.5

FINITE MDP MODEL (TREE): 
100,2393.48,0.621184,10450.3

FINITE MDP MODEL (CLASSIC): 
100,2392.2,0.233077,10450.3

INFINITE MDP: 
250,6925.97,0.38684,10450.5

FINITE MDP MODEL (TREE): 
250,6916.66,1.86682,10450.3

FINITE MDP MODEL (CLASSIC): 
250,6878.15,0.572053,10449.7

INFINITE MDP: 
500,13501.4,0.764623,10450.5

FINITE MDP MODEL (TREE): 
500,13112.3,4.1508,10445.4

FINITE MDP MODEL (CLASSIC): 
500,13083.5,1.15041,10445.4

INFINITE MDP: 
750,19823.3,1.13453,10450.5

FINITE MDP MODEL (TREE): 
750,19890.7,6.47558,10432.9

FINITE MDP MODEL (CLASSIC): 
750,19859.4,1.71899,10432.9

INFINITE MDP: 
1000,28495.5,1.49513,10450.5

FINITE MDP MODEL (TREE): 
1000,28500.7,9.11557,10432.9

FINITE MDP MODEL (CLASSIC): 
1000,28472.9,2.27324,10432.9

INFINITE MDP: 
2500,68400.9,3.72575,10450.5

FINITE MDP MODEL (TREE): 
2500,68659,25.1572,10432.9

FINITE MDP MODEL (CLASSIC): 
2500,68624.4,5.75721,10432.9

INFINITE MDP: 
5000,136507,7.4429,10450.5

FINITE MDP MODEL (TREE): 
5000,136283,54.5057,10116.1

FINITE MDP MODEL (CLASSIC): 
5000,136247,11.4743,10116.1

INFINITE MDP: 
7500,199993,11.0669,10450.5

FINITE MDP MODEL (TREE): 
7500,196907,85.3782,10116.1

FINITE MDP MODEL (CLASSIC): 
7500,196900,17.0614,10116.1

INFINITE MDP: 
10000,266748,14.7744,10450.5

FINITE MDP MODEL (TREE): 
10000,262148,116.794,10116.1

FINITE MDP MODEL (CLASSIC): 
10000,262113,22.8219,10450.4

INFINITE MDP: 
100,2388.64,0.172936,10450.5

FINITE MDP MODEL (TREE): 
100,2392.64,0.620344,10450.4

FINITE MDP MODEL (CLASSIC): 
100,2391.36,0.230407,10450.4

INFINITE MDP: 
250,6832.38,0.391481,10450.5

FINITE MDP MODEL (TREE): 
250,6832.38,1.85886,10450.4

FINITE MDP MODEL (CLASSIC): 
250,6800.58,0.568919,10450.4

INFINITE MDP: 
500,13114.7,0.763036,10450.5

FINITE MDP MODEL (TREE): 
500,13114.7,4.14438,10450.4

FINITE MDP MODEL (CLASSIC): 
500,13076.2,1.14209,10449.7

INFINITE MDP: 
750,19889.9,1.13597,10450.5

FINITE MDP MODEL (TREE): 
750,20106.3,6.48025,10449.7

FINITE MDP MODEL (CLASSIC): 
750,20082.7,1.72089,10449.7

INFINITE MDP: 
1000,27019.3,1.49214,10450.5

FINITE MDP MODEL (TREE): 
1000,26830.2,9.12033,10449.7

FINITE MDP MODEL (CLASSIC): 
1000,26812.8,2.28252,10449.7

INFINITE MDP: 
2500,66153.1,3.72849,10450.5

FINITE MDP MODEL (TREE): 
2500,65954.6,25.0949,10449.7

FINITE MDP MODEL (CLASSIC): 
2500,65917.8,5.72069,10449.7

INFINITE MDP: 
5000,110882,7.37209,10450.5

FINITE MDP MODEL (TREE): 
5000,110907,54.1969,10449.7

FINITE MDP MODEL (CLASSIC): 
5000,110883,11.3749,10449.7

INFINITE MDP: 
7500,192570,11.0821,10450.5

FINITE MDP MODEL (TREE): 
7500,192913,85.7416,10449.7

FINITE MDP MODEL (CLASSIC): 
7500,192906,17.0898,10449.7

INFINITE MDP: 
10000,261342,14.6995,10450.5

FINITE MDP MODEL (TREE): 
10000,261342,116.294,10449.7

FINITE MDP MODEL (CLASSIC): 
10000,261304,22.8802,10450.3

INFINITE MDP: 
100,2668.55,0.16943,10450.5

FINITE MDP MODEL (TREE): 
100,2692.33,0.618755,10450.3

FINITE MDP MODEL (CLASSIC): 
100,2691.05,0.229939,10450.3

INFINITE MDP: 
250,6889.42,0.39052,10450.5

FINITE MDP MODEL (TREE): 
250,6806.86,1.86849,10450.3

FINITE MDP MODEL (CLASSIC): 
250,6775.06,0.569305,10445.4

INFINITE MDP: 
500,13236.5,0.757538,10450.5

FINITE MDP MODEL (TREE): 
500,13054.7,4.15017,10445.4

FINITE MDP MODEL (CLASSIC): 
500,13026,1.14928,10445.4

INFINITE MDP: 
750,19957.7,1.11833,10450.5

FINITE MDP MODEL (TREE): 
750,19957.7,6.40115,10432.9

FINITE MDP MODEL (CLASSIC): 
750,19930.2,1.69564,10432.9

INFINITE MDP: 
1000,27657.8,1.4941,10450.5

FINITE MDP MODEL (TREE): 
1000,26914.4,9.07784,10432.9

FINITE MDP MODEL (CLASSIC): 
1000,26893.6,2.27284,10432.9

INFINITE MDP: 
2500,66765.3,3.71561,10450.5

FINITE MDP MODEL (TREE): 
2500,66765.3,24.9744,10432.9

FINITE MDP MODEL (CLASSIC): 
2500,66726.8,5.7353,10432.9

INFINITE MDP: 
5000,133090,7.32842,10450.5

FINITE MDP MODEL (TREE): 
5000,133090,53.7986,10114.5

FINITE MDP MODEL (CLASSIC): 
5000,133057,11.322,10114.5

INFINITE MDP: 
7500,206450,11.0856,10450.5

FINITE MDP MODEL (TREE): 
7500,206450,85.6156,10114.5

FINITE MDP MODEL (CLASSIC): 
7500,206440,17.0713,10114.5

INFINITE MDP: 
10000,254725,14.6847,10450.5

FINITE MDP MODEL (TREE): 
10000,248336,116.179,10114.5

FINITE MDP MODEL (CLASSIC): 
10000,248308,22.7521,10450.3

INFINITE MDP: 
100,2182.46,0.17292,10450.5

FINITE MDP MODEL (TREE): 
100,2262.74,0.620899,10450.3

FINITE MDP MODEL (CLASSIC): 
100,2261.46,0.230626,10450.3

INFINITE MDP: 
250,6675,0.38931,10450.5

FINITE MDP MODEL (TREE): 
250,6683.63,1.87462,10450.5

FINITE MDP MODEL (CLASSIC): 
250,6647.12,0.572424,10449.7

INFINITE MDP: 
500,13894,0.764928,10450.5

FINITE MDP MODEL (TREE): 
500,13894,4.15334,10449.7

FINITE MDP MODEL (CLASSIC): 
500,13857.5,1.14501,10449.7

INFINITE MDP: 
750,19870.3,1.13488,10450.5

FINITE MDP MODEL (TREE): 
750,19431.8,6.48524,10449.7

FINITE MDP MODEL (CLASSIC): 
750,19400.4,1.71689,10449.7

INFINITE MDP: 
1000,27107.8,1.48718,10450.5

FINITE MDP MODEL (TREE): 
1000,27107.8,9.05587,10449.7

FINITE MDP MODEL (CLASSIC): 
1000,27083.5,2.26515,10432.9

INFINITE MDP: 
2500,69114.5,3.71788,10450.5

FINITE MDP MODEL (TREE): 
2500,69140,25.0205,10432.9

FINITE MDP MODEL (CLASSIC): 
2500,69105.5,5.73948,10432.9

INFINITE MDP: 
5000,135076,7.43276,10450.5

FINITE MDP MODEL (TREE): 
5000,135076,54.3352,10423.5

FINITE MDP MODEL (CLASSIC): 
5000,135047,11.4182,10244.6

INFINITE MDP: 
7500,202609,11.11,10450.5

FINITE MDP MODEL (TREE): 
7500,202609,85.7192,10244.6

FINITE MDP MODEL (CLASSIC): 
7500,202602,17.107,10243.6

INFINITE MDP: 
10000,264720,14.7256,10450.5

FINITE MDP MODEL (TREE): 
10000,264720,116.44,9349.14

FINITE MDP MODEL (CLASSIC): 
10000,264682,22.9456,10450.3

INFINITE MDP: 
100,2148.79,0.167802,10450.5

FINITE MDP MODEL (TREE): 
100,2143.27,0.61628,10450.3

FINITE MDP MODEL (CLASSIC): 
100,2141.98,0.228947,10450.3

INFINITE MDP: 
250,7063.89,0.389347,10450.5

FINITE MDP MODEL (TREE): 
250,6912.92,1.86315,10450.3

FINITE MDP MODEL (CLASSIC): 
250,6887.49,0.570126,10450.3

INFINITE MDP: 
500,12870,0.754734,10450.5

FINITE MDP MODEL (TREE): 
500,12870,4.23956,10450.3

FINITE MDP MODEL (CLASSIC): 
500,12831.4,1.13768,10450.2

INFINITE MDP: 
750,20535.3,1.12619,10450.5

FINITE MDP MODEL (TREE): 
750,20528.3,6.46995,10450.2

FINITE MDP MODEL (CLASSIC): 
750,20504.8,1.71108,10450.2

INFINITE MDP: 
1000,27140.3,1.49886,10450.5

FINITE MDP MODEL (TREE): 
1000,27112.2,9.12674,10450.2

FINITE MDP MODEL (CLASSIC): 
1000,27091.3,2.28168,10432.9

INFINITE MDP: 
2500,63295,3.713,10450.5

FINITE MDP MODEL (TREE): 
2500,62928.6,25.0124,10432.9

FINITE MDP MODEL (CLASSIC): 
2500,62890.1,5.73664,10432.9

INFINITE MDP: 
5000,135613,7.43552,10450.5

FINITE MDP MODEL (TREE): 
5000,135465,54.3031,10109.9

FINITE MDP MODEL (CLASSIC): 
5000,135431,11.4292,10109.8

INFINITE MDP: 
7500,187665,11.0911,10450.5

FINITE MDP MODEL (TREE): 
7500,187173,86.0002,10109.8

FINITE MDP MODEL (CLASSIC): 
7500,187167,17.0991,9702.72

INFINITE MDP: 
10000,266814,14.7657,10450.5

FINITE MDP MODEL (TREE): 
10000,266814,116.746,9702.72

FINITE MDP MODEL (CLASSIC): 
10000,266779,22.9641,10450.3

INFINITE MDP: 
100,2377.07,0.167171,10450.5

FINITE MDP MODEL (TREE): 
100,2353.96,0.620197,10450.3

FINITE MDP MODEL (CLASSIC): 
100,2352.67,0.23169,10450.3

INFINITE MDP: 
250,7130.31,0.388108,10450.5

FINITE MDP MODEL (TREE): 
250,7130.31,1.8711,10450.3

FINITE MDP MODEL (CLASSIC): 
250,7091.8,0.570691,10450.3

INFINITE MDP: 
500,13287.6,0.765124,10450.5

FINITE MDP MODEL (TREE): 
500,12083.9,4.15205,10450.3

FINITE MDP MODEL (CLASSIC): 
500,12049.4,1.13918,10450.3

INFINITE MDP: 
750,20065.4,1.12301,10450.5

FINITE MDP MODEL (TREE): 
750,20131.3,6.41006,10450.3

FINITE MDP MODEL (CLASSIC): 
750,20107.8,1.69823,10432.9

INFINITE MDP: 
1000,26739.1,1.49745,10450.5

FINITE MDP MODEL (TREE): 
1000,26739.1,9.12083,10432.9

FINITE MDP MODEL (CLASSIC): 
1000,26707.8,2.28197,10432.9

INFINITE MDP: 
2500,69013.6,3.72286,10450.5

FINITE MDP MODEL (TREE): 
2500,68651.8,25.1124,10432.9

FINITE MDP MODEL (CLASSIC): 
2500,68613.3,5.73097,10432.9

INFINITE MDP: 
5000,131757,7.41281,10450.5

FINITE MDP MODEL (TREE): 
5000,129411,54.142,10110.9

FINITE MDP MODEL (CLASSIC): 
5000,129383,11.3705,10110

INFINITE MDP: 
7500,200634,11.1314,10450.5

FINITE MDP MODEL (TREE): 
7500,200634,85.8179,10110

FINITE MDP MODEL (CLASSIC): 
7500,200628,17.1162,10110

INFINITE MDP: 
10000,270118,14.778,10450.5

FINITE MDP MODEL (TREE): 
10000,267940,117.05,10110

FINITE MDP MODEL (CLASSIC): 
10000,267901,22.9735,10450.3

INFINITE MDP: 
100,2317.53,0.171575,10450.5

FINITE MDP MODEL (TREE): 
100,2317.53,0.618823,10450.3

FINITE MDP MODEL (CLASSIC): 
100,2316.24,0.229437,10450.3

INFINITE MDP: 
250,6969.26,0.38926,10450.5

FINITE MDP MODEL (TREE): 
250,6963.83,1.86596,10450.3

FINITE MDP MODEL (CLASSIC): 
250,6925.68,0.569905,10450.3

INFINITE MDP: 
500,13529.1,0.758834,10450.5

FINITE MDP MODEL (TREE): 
500,13566.7,4.14494,10450.3

FINITE MDP MODEL (CLASSIC): 
500,13537.9,1.15003,10445.5

INFINITE MDP: 
750,19756.8,1.12557,10450.5

FINITE MDP MODEL (TREE): 
750,19821.3,6.43331,10432.9

FINITE MDP MODEL (CLASSIC): 
750,19789.9,1.70743,10432.9

INFINITE MDP: 
1000,28602.3,1.50179,10450.5

FINITE MDP MODEL (TREE): 
1000,28602.3,9.11941,10432.9

FINITE MDP MODEL (CLASSIC): 
1000,28581.4,2.28199,10432.9

INFINITE MDP: 
2500,66306.1,3.71608,10450.5

FINITE MDP MODEL (TREE): 
2500,66292.8,25.0904,10432.9

FINITE MDP MODEL (CLASSIC): 
2500,66254.3,5.74274,10432.9

INFINITE MDP: 
5000,136875,7.39907,10450.5

FINITE MDP MODEL (TREE): 
5000,130638,54.1456,10138.8

FINITE MDP MODEL (CLASSIC): 
5000,130609,11.3663,10138.8

INFINITE MDP: 
7500,206183,11.1022,10450.5

FINITE MDP MODEL (TREE): 
7500,205760,85.6376,10138.8

FINITE MDP MODEL (CLASSIC): 
7500,205750,17.081,10138.8

INFINITE MDP: 
10000,256690,14.8009,10450.5

FINITE MDP MODEL (TREE): 
10000,249802,116.698,10138.8

FINITE MDP MODEL (CLASSIC): 
10000,249767,22.7756,10450.3

INFINITE MDP: 
100,2329.46,0.171599,10450.5

FINITE MDP MODEL (TREE): 
100,2329.46,0.622035,10450.3

FINITE MDP MODEL (CLASSIC): 
100,2328.17,0.235553,10450.3

INFINITE MDP: 
250,6926.59,0.389684,10450.5

FINITE MDP MODEL (TREE): 
250,6899.62,1.87147,10450.3

FINITE MDP MODEL (CLASSIC): 
250,6861.1,0.56968,10450.3

INFINITE MDP: 
500,12375.1,0.763666,10450.5

FINITE MDP MODEL (TREE): 
500,12338,4.14353,10450.3

FINITE MDP MODEL (CLASSIC): 
500,12299.5,1.14643,10450.3

INFINITE MDP: 
750,18332.5,1.1239,10450.5

FINITE MDP MODEL (TREE): 
750,18332.5,6.42722,10450.3

FINITE MDP MODEL (CLASSIC): 
750,18308.9,1.70199,10450.3

INFINITE MDP: 
1000,28472.5,1.50364,10450.5

FINITE MDP MODEL (TREE): 
1000,28472.5,9.14723,10450.3

FINITE MDP MODEL (CLASSIC): 
1000,28451.6,2.28795,10450.3

INFINITE MDP: 
2500,70361.6,3.70522,10450.5

FINITE MDP MODEL (TREE): 
2500,70347.3,24.9615,10432.9

FINITE MDP MODEL (CLASSIC): 
2500,70308.8,5.72004,10432.9

INFINITE MDP: 
5000,138533,7.39394,10450.5

FINITE MDP MODEL (TREE): 
5000,138965,54.0209,10146.9

FINITE MDP MODEL (CLASSIC): 
5000,138928,11.3581,10146.9

INFINITE MDP: 
7500,200545,11.1187,10450.5

FINITE MDP MODEL (TREE): 
7500,201217,85.5068,10146.6

FINITE MDP MODEL (CLASSIC): 
7500,201211,17.0205,9349.15

INFINITE MDP: 
10000,267226,14.7761,10450.5

FINITE MDP MODEL (TREE): 
10000,267226,116.701,9349.15

FINITE MDP MODEL (CLASSIC): 
10000,267192,22.9335,10450.3

INFINITE MDP: 
100,2693.04,0.17077,10450.5

FINITE MDP MODEL (TREE): 
100,2673.04,0.621587,10450.3

FINITE MDP MODEL (CLASSIC): 
100,2671.75,0.230579,10450.3

INFINITE MDP: 
250,6857.64,0.389612,10450.5

FINITE MDP MODEL (TREE): 
250,6715.72,1.86943,10449.8

FINITE MDP MODEL (CLASSIC): 
250,6683.93,0.571308,10449.8

INFINITE MDP: 
500,13542.3,0.753638,10450.5

FINITE MDP MODEL (TREE): 
500,13553.2,4.12351,10449.8

FINITE MDP MODEL (CLASSIC): 
500,13516.7,1.13321,10449.8

INFINITE MDP: 
750,20115,1.1267,10450.5

FINITE MDP MODEL (TREE): 
750,19754.4,6.43408,10449.8

FINITE MDP MODEL (CLASSIC): 
750,19730.8,1.7041,10449.8

INFINITE MDP: 
1000,27364,1.49595,10450.5

FINITE MDP MODEL (TREE): 
1000,27126.5,9.12364,10449.8

FINITE MDP MODEL (CLASSIC): 
1000,27102.2,2.30427,10449.8

INFINITE MDP: 
2500,59364.5,3.69806,10450.5

FINITE MDP MODEL (TREE): 
2500,48966.6,24.8899,10449.8

FINITE MDP MODEL (CLASSIC): 
2500,48928.1,5.65622,10449.8

INFINITE MDP: 
5000,139301,7.42262,10450.5

FINITE MDP MODEL (TREE): 
5000,138750,54.2439,10221.2

FINITE MDP MODEL (CLASSIC): 
5000,138717,11.381,10221.2

INFINITE MDP: 
7500,201171,11.0548,10450.5

FINITE MDP MODEL (TREE): 
7500,194359,85.2465,10221.2

FINITE MDP MODEL (CLASSIC): 
7500,194353,16.9935,10221.2

INFINITE MDP: 
10000,274088,14.7495,10450.5

FINITE MDP MODEL (TREE): 
10000,273950,116.401,10221.2

FINITE MDP MODEL (CLASSIC): 
10000,273913,22.745,10450.3

INFINITE MDP: 
100,2557.07,0.170171,10450.5

FINITE MDP MODEL (TREE): 
100,2557.07,0.622173,10450.3

FINITE MDP MODEL (CLASSIC): 
100,2555.79,0.230354,10450.3

INFINITE MDP: 
250,6812.23,0.385829,10450.5

FINITE MDP MODEL (TREE): 
250,6634.84,1.85883,10450.3

FINITE MDP MODEL (CLASSIC): 
250,6596.33,0.568506,10450.3

INFINITE MDP: 
500,13149.4,0.756587,10450.5

FINITE MDP MODEL (TREE): 
500,13517.1,4.14316,10450.3

FINITE MDP MODEL (CLASSIC): 
500,13480.6,1.13735,10450.3

INFINITE MDP: 
750,19793.7,1.12887,10450.5

FINITE MDP MODEL (TREE): 
750,19795.9,6.45432,10450.3

FINITE MDP MODEL (CLASSIC): 
750,19764.5,1.72255,10450

INFINITE MDP: 
1000,28408.1,1.50269,10450.5

FINITE MDP MODEL (TREE): 
1000,28651.6,9.11993,10450

FINITE MDP MODEL (CLASSIC): 
1000,28627.2,2.29224,10432.9

INFINITE MDP: 
2500,60253.5,3.71319,10450.5

FINITE MDP MODEL (TREE): 
2500,68233.9,25.0932,10432.9

FINITE MDP MODEL (CLASSIC): 
2500,68197.4,5.74614,10432.9

INFINITE MDP: 
5000,131301,7.38318,10450.5

FINITE MDP MODEL (TREE): 
5000,130497,54.1048,9729.9

FINITE MDP MODEL (CLASSIC): 
5000,130460,11.3444,9729.9

INFINITE MDP: 
7500,204653,11.0606,10450.5

FINITE MDP MODEL (TREE): 
7500,203801,85.4834,9729.9

FINITE MDP MODEL (CLASSIC): 
7500,203794,17.0341,9729.9

INFINITE MDP: 
10000,270687,14.8075,10450.5

FINITE MDP MODEL (TREE): 
10000,270358,116.757,9729.9

FINITE MDP MODEL (CLASSIC): 
10000,270321,22.9468,10450.3

INFINITE MDP: 
100,1993.9,0.167041,10450.5

FINITE MDP MODEL (TREE): 
100,1980.15,0.61853,10450.3

FINITE MDP MODEL (CLASSIC): 
100,1978.87,0.230142,10450

INFINITE MDP: 
250,6976.66,0.387673,10450.5

FINITE MDP MODEL (TREE): 
250,6976.66,1.87133,10449.7

FINITE MDP MODEL (CLASSIC): 
250,6942.15,0.569728,10449.7

INFINITE MDP: 
500,13161.7,0.749415,10450.5

FINITE MDP MODEL (TREE): 
500,13113.2,4.11216,10449.7

FINITE MDP MODEL (CLASSIC): 
500,13078.6,1.13193,10449.7

INFINITE MDP: 
750,20102.5,1.12693,10450.5

FINITE MDP MODEL (TREE): 
750,20284.9,6.43855,10449.7

FINITE MDP MODEL (CLASSIC): 
750,20250.4,1.70429,10449.7

INFINITE MDP: 
1000,27677.4,1.51055,10450.5

FINITE MDP MODEL (TREE): 
1000,27677.4,9.1631,10449.7

FINITE MDP MODEL (CLASSIC): 
1000,27656.5,2.29345,10449.7

INFINITE MDP: 
2500,63486.5,3.68502,10450.5

FINITE MDP MODEL (TREE): 
2500,63535.4,24.8798,10432.9

FINITE MDP MODEL (CLASSIC): 
2500,63500.9,6.01426,10432.9

INFINITE MDP: 
5000,129654,7.60652,10450.5

FINITE MDP MODEL (TREE): 
5000,125660,54.5801,9890.93

FINITE MDP MODEL (CLASSIC): 
5000,125636,11.4464,9349.15

INFINITE MDP: 
7500,197380,11.1578,10450.5

FINITE MDP MODEL (TREE): 
7500,198318,86.0536,9349.15

FINITE MDP MODEL (CLASSIC): 
7500,198308,17.1262,9349.15

INFINITE MDP: 
10000,265765,14.8532,10450.5

FINITE MDP MODEL (TREE): 
10000,263400,116.964,9349.15

FINITE MDP MODEL (CLASSIC): 
10000,263363,23.0972,10450.3

INFINITE MDP: 
100,2372.95,0.170848,10450.5

FINITE MDP MODEL (TREE): 
100,2355.4,0.624339,10450.3

FINITE MDP MODEL (CLASSIC): 
100,2354.11,0.232216,10450.3

INFINITE MDP: 
250,6897.96,0.396467,10450.5

FINITE MDP MODEL (TREE): 
250,6852.68,1.89591,10450.3

FINITE MDP MODEL (CLASSIC): 
250,6814.52,0.575597,10450.3

INFINITE MDP: 
500,12565.7,0.757176,10450.5

FINITE MDP MODEL (TREE): 
500,12533.8,4.16466,10450.3

FINITE MDP MODEL (CLASSIC): 
500,12495.3,1.13847,10450.3

INFINITE MDP: 
750,17751,1.12757,10450.5

FINITE MDP MODEL (TREE): 
750,17154.6,6.47629,10450.3

FINITE MDP MODEL (CLASSIC): 
750,17146.7,1.70835,10450.3

INFINITE MDP: 
1000,28387.9,1.49628,10450.5

FINITE MDP MODEL (TREE): 
1000,28387.9,9.1081,10450.3

FINITE MDP MODEL (CLASSIC): 
1000,28374,2.28706,10432.9

INFINITE MDP: 
2500,63185.2,3.72571,10450.5

FINITE MDP MODEL (TREE): 
2500,63185.2,25.0247,10432.9

FINITE MDP MODEL (CLASSIC): 
2500,63148.4,5.73284,10432.9

INFINITE MDP: 
5000,135259,7.45458,10450.5

FINITE MDP MODEL (TREE): 
5000,134474,54.4926,10365.5

FINITE MDP MODEL (CLASSIC): 
5000,134440,11.4557,10110.9

INFINITE MDP: 
7500,192023,11.1527,10450.5

FINITE MDP MODEL (TREE): 
7500,186670,86.0288,10110.9

FINITE MDP MODEL (CLASSIC): 
7500,186665,17.1352,9702.72

INFINITE MDP: 
10000,259409,14.9068,10450.5

FINITE MDP MODEL (TREE): 
10000,259409,117.291,9702.72

FINITE MDP MODEL (CLASSIC): 
10000,259381,23.0199,10450.4


2350.89 , 2352.2 , 2350.92
6948.03 , 6902.98 , 6867.69
13119.4 , 13061.9 , 13027.1
19861.5 , 19839.9 , 19814.5
27773.9 , 27520.5 , 27497.6
66243.4 , 65906.4 , 65869.6
133042 , 132277 , 132246
199698 , 198334 , 198326
265800 , 264452 , 264416
0 , 0 , 0
0 , 0 , 0
