
INFINITE MDP: 
100,589.1666628,0.003973,4.08

FINITE MDP MODEL (TREE): 
100,589.1666628,0.013724,4.08
Steps made: 100

FINITE MDP MODEL (CLASSIC): 
100,589.1666628,0.006879,4.784
Steps made: 100


INFINITE MDP: 
250,1449.895446,0.0098,4.784

FINITE MDP MODEL (TREE): 
250,1449.895446,0.039851,4.784
Steps made: 250

FINITE MDP MODEL (CLASSIC): 
250,1449.895446,0.017294,5.84
Steps made: 250


INFINITE MDP: 
500,3139.963243,0.018919,5.84

FINITE MDP MODEL (TREE): 
500,3139.963243,0.085267,5.84
Steps made: 500

FINITE MDP MODEL (CLASSIC): 
500,3139.963243,0.033565,7.16
Steps made: 500


INFINITE MDP: 
750,4350.671597,0.027909,7.16

FINITE MDP MODEL (TREE): 
750,2729.087423,0.13687,7.16
Steps made: 750

FINITE MDP MODEL (CLASSIC): 
750,2729.087423,0.053902,8.744
Steps made: 750


INFINITE MDP: 
1000,6002.09312,0.037898,8.744

FINITE MDP MODEL (TREE): 
1000,5514.482702,0.184866,8.744
Steps made: 1000

FINITE MDP MODEL (CLASSIC): 
1000,5514.482702,0.066918,10.328
Steps made: 1000


INFINITE MDP: 
2500,13876.41476,0.09418,10.328

FINITE MDP MODEL (TREE): 
2500,12879.19887,0.485432,10.328
Steps made: 2500

FINITE MDP MODEL (CLASSIC): 
2500,12879.19887,0.16624,19.832
Steps made: 2500


INFINITE MDP: 
5000,32316.89226,0.182628,19.832

FINITE MDP MODEL (TREE): 
5000,32316.89226,0.995953,19.832
Steps made: 5000

FINITE MDP MODEL (CLASSIC): 
5000,32316.89226,0.332503,35.408
Steps made: 5000


INFINITE MDP: 
7500,46554.86329,0.272763,35.408

FINITE MDP MODEL (TREE): 
7500,25106.30433,1.604714,35.408
Steps made: 7500

FINITE MDP MODEL (CLASSIC): 
7500,25106.30433,0.494838,50.984
Steps made: 7500


INFINITE MDP: 
10000,67194.98156,0.362478,50.984

FINITE MDP MODEL (TREE): 
10000,67194.98156,2.097588,50.984
Steps made: 10000

FINITE MDP MODEL (CLASSIC): 
10000,67194.98156,0.648075,66.56
Steps made: 10000


INFINITE MDP: 
100,555.1429431,0.004018,66.56

FINITE MDP MODEL (TREE): 
100,555.1429431,0.013828,66.56
Steps made: 100

FINITE MDP MODEL (CLASSIC): 
100,555.1429431,0.006697,66.56
Steps made: 100


INFINITE MDP: 
250,1428.96463,0.009382,66.56

FINITE MDP MODEL (TREE): 
250,1110.875389,0.039553,66.56
Steps made: 250

FINITE MDP MODEL (CLASSIC): 
250,1110.875389,0.017244,66.56
Steps made: 250


INFINITE MDP: 
500,3088.612847,0.018461,66.56

FINITE MDP MODEL (TREE): 
500,2638.211634,0.085136,66.56
Steps made: 500

FINITE MDP MODEL (CLASSIC): 
500,2638.211634,0.032825,66.56
Steps made: 500


INFINITE MDP: 
750,4773.749927,0.027624,66.56

FINITE MDP MODEL (TREE): 
750,3624.193201,0.129141,65.988
Steps made: 750

FINITE MDP MODEL (CLASSIC): 
750,3624.193201,0.048899,65.988
Steps made: 750


INFINITE MDP: 
1000,6328.347492,0.036593,66.56

FINITE MDP MODEL (TREE): 
1000,6328.347492,0.178783,65.188
Steps made: 1000

FINITE MDP MODEL (CLASSIC): 
1000,6328.347492,0.06563,65.188
Steps made: 1000


INFINITE MDP: 
2500,15344.09805,0.09184,66.56

FINITE MDP MODEL (TREE): 
2500,14019.72083,0.474429,64.412
Steps made: 2500

FINITE MDP MODEL (CLASSIC): 
2500,14019.72083,0.163553,64.412
Steps made: 2500


INFINITE MDP: 
5000,28743.45994,0.181799,66.56

FINITE MDP MODEL (TREE): 
5000,28743.45994,1.013641,62.696
Steps made: 5000

FINITE MDP MODEL (CLASSIC): 
5000,28743.45994,0.331536,35.388
Steps made: 5000


INFINITE MDP: 
7500,46956.23175,0.27495,66.56

FINITE MDP MODEL (TREE): 
7500,46956.23175,1.580886,35.388
Steps made: 7500

FINITE MDP MODEL (CLASSIC): 
7500,46956.23175,0.497326,50.964
Steps made: 7500


INFINITE MDP: 
10000,54691.3924,0.372956,66.56

FINITE MDP MODEL (TREE): 
10000,53968.49173,2.163538,50.964
Steps made: 10000

FINITE MDP MODEL (CLASSIC): 
10000,53968.49173,0.654476,66.54
Steps made: 10000


INFINITE MDP: 
100,637.7868496,0.003951,66.56

FINITE MDP MODEL (TREE): 
100,637.7868496,0.013754,66.54
Steps made: 100

FINITE MDP MODEL (CLASSIC): 
100,637.7868496,0.006745,66.54
Steps made: 100


INFINITE MDP: 
250,1498.855945,0.009327,66.56

FINITE MDP MODEL (TREE): 
250,1457.533605,0.038601,66.54
Steps made: 250

FINITE MDP MODEL (CLASSIC): 
250,1457.533605,0.016942,66.54
Steps made: 250


INFINITE MDP: 
500,2929.724718,0.018436,66.56

FINITE MDP MODEL (TREE): 
500,2671.098025,0.092234,66.54
Steps made: 500

FINITE MDP MODEL (CLASSIC): 
500,2671.098025,0.033142,66.54
Steps made: 500


INFINITE MDP: 
750,4463.330801,0.027394,66.56

FINITE MDP MODEL (TREE): 
750,3833.640189,0.129148,66.54
Steps made: 750

FINITE MDP MODEL (CLASSIC): 
750,3833.640189,0.049634,66.54
Steps made: 750


INFINITE MDP: 
1000,5552.547176,0.036643,66.56

FINITE MDP MODEL (TREE): 
1000,3374.079259,0.182653,66.54
Steps made: 1000

FINITE MDP MODEL (CLASSIC): 
1000,3374.079259,0.066757,66.54
Steps made: 1000


INFINITE MDP: 
2500,14874.32373,0.092006,66.56

FINITE MDP MODEL (TREE): 
2500,14874.32373,0.47583,65.776
Steps made: 2500

FINITE MDP MODEL (CLASSIC): 
2500,14874.32373,0.166372,65.776
Steps made: 2500


INFINITE MDP: 
5000,30748.81778,0.181732,66.56

FINITE MDP MODEL (TREE): 
5000,27579.2891,1.001907,64.996
Steps made: 5000

FINITE MDP MODEL (CLASSIC): 
5000,27579.2891,0.328785,64.996
Steps made: 5000


INFINITE MDP: 
7500,47044.73945,0.272471,66.56

FINITE MDP MODEL (TREE): 
7500,41140.46968,1.562833,64.996
Steps made: 7500

FINITE MDP MODEL (CLASSIC): 
7500,41140.46968,0.489075,64.996
Steps made: 7500


INFINITE MDP: 
10000,62190.17204,0.362735,66.56

FINITE MDP MODEL (TREE): 
10000,62190.17204,2.181691,64.996
Steps made: 10000

FINITE MDP MODEL (CLASSIC): 
10000,62190.17204,0.68285,66.576
Steps made: 10000


INFINITE MDP: 
100,634.3607611,0.004162,66.576

FINITE MDP MODEL (TREE): 
100,450.4245566,0.014089,66.576
Steps made: 100

FINITE MDP MODEL (CLASSIC): 
100,450.4245566,0.006737,66.576
Steps made: 100


INFINITE MDP: 
250,1531.340227,0.009926,66.576

FINITE MDP MODEL (TREE): 
250,1260.77681,0.039923,66.576
Steps made: 250

FINITE MDP MODEL (CLASSIC): 
250,1260.77681,0.017722,66.576
Steps made: 250


INFINITE MDP: 
500,2934.5137,0.018784,66.576

FINITE MDP MODEL (TREE): 
500,2868.476847,0.085986,66.576
Steps made: 500

FINITE MDP MODEL (CLASSIC): 
500,2868.476847,0.033523,66.576
Steps made: 500


INFINITE MDP: 
750,4392.187771,0.02784,66.576

FINITE MDP MODEL (TREE): 
750,4224.873048,0.129686,66.576
Steps made: 750

FINITE MDP MODEL (CLASSIC): 
750,4224.873048,0.050007,66.576
Steps made: 750


INFINITE MDP: 
1000,6066.423167,0.037367,66.576

FINITE MDP MODEL (TREE): 
1000,4062.585078,0.183603,66.576
Steps made: 1000

FINITE MDP MODEL (CLASSIC): 
1000,4062.585078,0.069155,66.576
Steps made: 1000


INFINITE MDP: 
2500,15415.03359,0.092254,66.576

FINITE MDP MODEL (TREE): 
2500,12922.17702,0.483575,66.576
Steps made: 2500

FINITE MDP MODEL (CLASSIC): 
2500,12922.17702,0.168603,66.576
Steps made: 2500


INFINITE MDP: 
5000,29583.49122,0.188134,66.576

FINITE MDP MODEL (TREE): 
5000,25571.40416,1.034386,65
Steps made: 5000

FINITE MDP MODEL (CLASSIC): 
5000,25571.40416,0.333414,63.36
Steps made: 5000


INFINITE MDP: 
7500,49152.96959,0.294167,66.576

FINITE MDP MODEL (TREE): 
7500,49152.96959,1.645349,63.36
Steps made: 7500

FINITE MDP MODEL (CLASSIC): 
7500,49152.96959,0.560237,63.36
Steps made: 7500


INFINITE MDP: 
10000,57862.97251,0.401798,66.576

FINITE MDP MODEL (TREE): 
10000,54420.54197,2.230056,63.36
Steps made: 10000

FINITE MDP MODEL (CLASSIC): 
10000,54420.54197,0.683688,66.524
Steps made: 10000


INFINITE MDP: 
100,553.6202038,0.004189,66.576

FINITE MDP MODEL (TREE): 
100,553.6202038,0.014202,66.524
Steps made: 100

FINITE MDP MODEL (CLASSIC): 
100,553.6202038,0.007015,66.524
Steps made: 100


INFINITE MDP: 
250,1354.70734,0.009541,66.576

FINITE MDP MODEL (TREE): 
250,1128.199464,0.040576,66.524
Steps made: 250

FINITE MDP MODEL (CLASSIC): 
250,1128.199464,0.017418,66.524
Steps made: 250


INFINITE MDP: 
500,2858.561224,0.018716,66.764

FINITE MDP MODEL (TREE): 
500,2310.201389,0.085354,66.764
Steps made: 500

FINITE MDP MODEL (CLASSIC): 
500,2310.201389,0.033041,66.764
Steps made: 500


INFINITE MDP: 
750,4401.255502,0.027999,66.764

FINITE MDP MODEL (TREE): 
750,2693.818617,0.129596,65.988
Steps made: 750

FINITE MDP MODEL (CLASSIC): 
750,2693.818617,0.049457,65.988
Steps made: 750


INFINITE MDP: 
1000,5967.754931,0.038856,66.764

FINITE MDP MODEL (TREE): 
1000,5462.171213,0.190605,65.188
Steps made: 1000

FINITE MDP MODEL (CLASSIC): 
1000,5462.171213,0.078886,65.188
Steps made: 1000


INFINITE MDP: 
2500,15524.15483,0.099401,66.764

FINITE MDP MODEL (TREE): 
2500,15524.15483,0.507809,64.412
Steps made: 2500

FINITE MDP MODEL (CLASSIC): 
2500,15524.15483,0.171906,64.412
Steps made: 2500


INFINITE MDP: 
5000,30499.61395,0.183565,66.764

FINITE MDP MODEL (TREE): 
5000,16920.51224,1.078022,19.236
Steps made: 5000

FINITE MDP MODEL (CLASSIC): 
5000,16920.51224,0.361954,35.336
Steps made: 5000


INFINITE MDP: 
7500,47699.31094,0.279124,66.764

FINITE MDP MODEL (TREE): 
7500,38815.13446,1.677753,35.336
Steps made: 7500

FINITE MDP MODEL (CLASSIC): 
7500,38815.13446,0.51216,50.912
Steps made: 7500


INFINITE MDP: 
10000,62328.16996,0.371221,66.764

FINITE MDP MODEL (TREE): 
10000,36921.54744,2.233063,50.912
Steps made: 10000

FINITE MDP MODEL (CLASSIC): 
