Size of models: 24
INFINITE MDP: 
100,4908.82263,0.030145,15.928

FINITE MDP MODEL (TREE): 
100,5097.877657,0.97792,39.268
Steps made: 100

FINITE MDP MODEL (CLASSIC): 
100,4773.097626,0.359896,215.248
Steps made: 100 24

Size of models: 24
INFINITE MDP: 
250,13158.25946,0.030557,214.224

FINITE MDP MODEL (TREE): 
250,13737.10872,2.732308,214.224
Steps made: 250

FINITE MDP MODEL (CLASSIC): 
250,13758.14907,0.860767,517.028
Steps made: 250 24

Size of models: 24
INFINITE MDP: 
500,20948.56222,0.032296,515.876

FINITE MDP MODEL (TREE): 
