INFINITE MDP: 
100,2103.63,0.156562,10.08

FINITE MDP MODEL (TREE): 
100,2095.63,0.617507,22.984

FINITE MDP MODEL (CLASSIC): 
100,2094.34,0.248992,113.804

INFINITE MDP: 
250,7074.29,0.376977,113.804

FINITE MDP MODEL (TREE): 
250,7074.29,1.84646,113.804

FINITE MDP MODEL (CLASSIC): 
250,7037.78,0.609209,270.396

INFINITE MDP: 
500,13432.2,0.767787,270.396

FINITE MDP MODEL (TREE): 
500,13697.3,4.14012,270.396

FINITE MDP MODEL (CLASSIC): 
500,13668.5,1.20586,531.492

INFINITE MDP: 
750,18690.3,1.15597,531.492

FINITE MDP MODEL (TREE): 
750,19989.3,6.5857,531.492

FINITE MDP MODEL (CLASSIC): 
750,19973.6,1.77525,792.324

INFINITE MDP: 
1000,27415.5,1.50636,792.324

FINITE MDP MODEL (TREE): 
1000,27497.5,9.34586,792.324

FINITE MDP MODEL (CLASSIC): 
1000,27476.7,2.35321,1053.42

INFINITE MDP: 
2500,67877.9,3.80429,1053.42

FINITE MDP MODEL (TREE): 
2500,67814.5,25.3898,1053.42

FINITE MDP MODEL (CLASSIC): 
2500,67777.7,6.16498,2619.73

INFINITE MDP: 
5000,134772,7.45188,2619.73

FINITE MDP MODEL (TREE): 
5000,135250,54.2133,2619.73

FINITE MDP MODEL (CLASSIC): 
5000,135226,11.8943,5229.9

INFINITE MDP: 
7500,201343,11.1717,5229.9

FINITE MDP MODEL (TREE): 
7500,200592,85.6435,5229.9

FINITE MDP MODEL (CLASSIC): 
7500,200585,17.5388,7840.07

INFINITE MDP: 
10000,255900,15.0771,7840.07

FINITE MDP MODEL (TREE): 
10000,256094,116.303,7840.07

FINITE MDP MODEL (CLASSIC): 
10000,256067,23.2201,10450.5

INFINITE MDP: 
100,1856.05,0.164721,10450.5

FINITE MDP MODEL (TREE): 
100,1666.05,0.628003,10450.5

FINITE MDP MODEL (CLASSIC): 
100,1664.77,0.232422,10450.5

INFINITE MDP: 
250,6848,0.386614,10450.5

FINITE MDP MODEL (TREE): 
250,6807.24,1.8843,10450.5

FINITE MDP MODEL (CLASSIC): 
250,6775.44,0.573941,10450.5

INFINITE MDP: 
500,13166.2,0.755428,10450.5

FINITE MDP MODEL (TREE): 
500,13098.1,4.13679,10450.5

FINITE MDP MODEL (CLASSIC): 
500,13059.5,1.14315,10450.5

INFINITE MDP: 
750,19773.2,1.13671,10450.5

FINITE MDP MODEL (TREE): 
750,20422.7,6.40102,10450.5

FINITE MDP MODEL (CLASSIC): 
750,20395.2,1.71586,10450.5

INFINITE MDP: 
1000,26009.7,1.50789,10450.5

FINITE MDP MODEL (TREE): 
1000,25838.6,9.06779,10450.5

FINITE MDP MODEL (CLASSIC): 
1000,25824.7,2.29104,10433

INFINITE MDP: 
2500,66703.4,3.72253,10450.5

FINITE MDP MODEL (TREE): 
2500,66276.5,24.7228,10433

FINITE MDP MODEL (CLASSIC): 
2500,66251.9,5.72934,10433

INFINITE MDP: 
5000,126373,7.46443,10450.5

FINITE MDP MODEL (TREE): 
5000,127373,54.4287,10026.8

FINITE MDP MODEL (CLASSIC): 
5000,127340,11.418,10026.8

INFINITE MDP: 
7500,204982,11.3748,10450.5

FINITE MDP MODEL (TREE): 
7500,202915,87.089,10026.8

FINITE MDP MODEL (CLASSIC): 
7500,202908,17.0839,10026.8

INFINITE MDP: 
10000,268455,14.9404,10450.5

FINITE MDP MODEL (TREE): 
10000,272433,117.686,9349.18

FINITE MDP MODEL (CLASSIC): 
10000,272396,23.017,10450.3

INFINITE MDP: 
100,2047.99,0.159252,10450.5

FINITE MDP MODEL (TREE): 
100,2047.99,0.614358,10450.3

FINITE MDP MODEL (CLASSIC): 
100,2046.7,0.228858,10450

INFINITE MDP: 
250,6992.75,0.378869,10450.5

FINITE MDP MODEL (TREE): 
250,7026.29,1.90064,10449.7

FINITE MDP MODEL (CLASSIC): 
250,6988.13,0.580548,10445.5

INFINITE MDP: 
500,13382.8,0.756259,10450.5

FINITE MDP MODEL (TREE): 
500,13330.4,4.20249,10445.5

FINITE MDP MODEL (CLASSIC): 
500,13301.6,1.14975,10445.5

INFINITE MDP: 
750,19305.3,1.12142,10450.5

FINITE MDP MODEL (TREE): 
750,19632.6,6.39913,10433

FINITE MDP MODEL (CLASSIC): 
750,19605.1,1.70154,10433

INFINITE MDP: 
1000,29108.4,1.50668,10450.5

FINITE MDP MODEL (TREE): 
1000,29108.4,9.09855,10433

FINITE MDP MODEL (CLASSIC): 
1000,29080.6,2.28156,10433

INFINITE MDP: 
2500,69240,3.76203,10450.5

FINITE MDP MODEL (TREE): 
2500,69000,25.1403,10433

FINITE MDP MODEL (CLASSIC): 
2500,68965.5,5.89542,10433

INFINITE MDP: 
5000,134647,7.50766,10450.5

FINITE MDP MODEL (TREE): 
5000,134734,54.2039,10112.3

FINITE MDP MODEL (CLASSIC): 
5000,134701,11.3519,10111.6

INFINITE MDP: 
7500,197112,11.1215,10450.5

FINITE MDP MODEL (TREE): 
7500,197112,84.645,10111.6

FINITE MDP MODEL (CLASSIC): 
7500,197107,16.9811,10111.6

INFINITE MDP: 
10000,269092,14.8334,10450.5

FINITE MDP MODEL (TREE): 
10000,268635,116.878,10111.6

FINITE MDP MODEL (CLASSIC): 
10000,268596,23.4548,10450.5

INFINITE MDP: 
100,2487.32,0.158854,10450.5

FINITE MDP MODEL (TREE): 
100,2370.34,0.631355,10450.5

FINITE MDP MODEL (CLASSIC): 
100,2369.06,0.230241,10450.5

INFINITE MDP: 
250,6821.3,0.392203,10450.5

FINITE MDP MODEL (TREE): 
250,6809.75,1.93149,10450.5

FINITE MDP MODEL (CLASSIC): 
250,6771.59,0.576859,10450.5

INFINITE MDP: 
500,13032.4,0.764473,10450.5

FINITE MDP MODEL (TREE): 
500,13056.5,4.19951,10450.5

FINITE MDP MODEL (CLASSIC): 
500,13027.7,1.15561,10450.5

INFINITE MDP: 
750,20061.5,1.13538,10450.5

FINITE MDP MODEL (TREE): 
750,20342.2,6.55544,10450.5

FINITE MDP MODEL (CLASSIC): 
750,20318.7,1.73082,10450.5

INFINITE MDP: 
1000,28223.5,1.52959,10450.5

FINITE MDP MODEL (TREE): 
1000,26764,9.27158,10450.5

FINITE MDP MODEL (CLASSIC): 
1000,26739.6,2.31146,10450.5

INFINITE MDP: 
2500,69824,3.79253,10450.5

FINITE MDP MODEL (TREE): 
2500,69532.3,25.4932,10450.5

FINITE MDP MODEL (CLASSIC): 
2500,69495.4,5.77782,10450.5

INFINITE MDP: 
5000,134795,7.62543,10450.5

FINITE MDP MODEL (TREE): 
5000,134938,55.1925,10450.5

FINITE MDP MODEL (CLASSIC): 
5000,134904,11.8517,10450.5

INFINITE MDP: 
7500,204012,11.3568,10450.5

FINITE MDP MODEL (TREE): 
7500,204012,86.6791,10450.5

FINITE MDP MODEL (CLASSIC): 
7500,204002,17.2889,10197.5

INFINITE MDP: 
10000,261525,15.0623,10450.5

FINITE MDP MODEL (TREE): 
10000,265589,119.069,10197.5

FINITE MDP MODEL (CLASSIC): 
10000,265550,23.1744,10450.4

INFINITE MDP: 
100,2323.06,0.161565,10450.5

FINITE MDP MODEL (TREE): 
100,2346.25,0.616351,10450.4

FINITE MDP MODEL (CLASSIC): 
100,2344.96,0.230213,10450.4

INFINITE MDP: 
250,6710.94,0.383203,10450.5

FINITE MDP MODEL (TREE): 
250,6710.94,1.86272,10450.4

FINITE MDP MODEL (CLASSIC): 
250,6672.78,0.568151,10450.4

INFINITE MDP: 
500,12908.4,0.75629,10450.5

FINITE MDP MODEL (TREE): 
500,12492.2,4.21133,10450.4

FINITE MDP MODEL (CLASSIC): 
500,12463.4,1.18169,10445.5

INFINITE MDP: 
750,18400.4,1.16546,10450.5

FINITE MDP MODEL (TREE): 
750,18400.4,6.51457,10433

FINITE MDP MODEL (CLASSIC): 
750,18380.7,1.79608,10433

INFINITE MDP: 
1000,27882.6,1.51979,10450.5

FINITE MDP MODEL (TREE): 
1000,27795.4,9.12909,10433

FINITE MDP MODEL (CLASSIC): 
1000,27771,2.27421,10433

INFINITE MDP: 
2500,68904.2,3.72222,10450.5

FINITE MDP MODEL (TREE): 
2500,69212.6,25.0671,10433

FINITE MDP MODEL (CLASSIC): 
2500,69174.1,5.80817,10433

INFINITE MDP: 
5000,131752,7.61661,10450.5

FINITE MDP MODEL (TREE): 
5000,131879,54.7148,10364.4

FINITE MDP MODEL (CLASSIC): 
5000,131851,11.969,10364.4

INFINITE MDP: 
7500,203380,11.3425,10450.5

FINITE MDP MODEL (TREE): 
7500,198270,86.3964,10364.4

FINITE MDP MODEL (CLASSIC): 
7500,198263,17.3208,9349.18

INFINITE MDP: 
10000,264647,15.2296,10450.5

FINITE MDP MODEL (TREE): 
10000,259341,117.78,9349.18

FINITE MDP MODEL (CLASSIC): 
10000,259307,23.0198,10450.3

INFINITE MDP: 
100,2486.45,0.157771,10450.5

FINITE MDP MODEL (TREE): 
100,2488.01,0.621847,10450.3

FINITE MDP MODEL (CLASSIC): 
100,2486.73,0.230042,10450

INFINITE MDP: 
250,6982.9,0.381403,10450.5

FINITE MDP MODEL (TREE): 
250,6958.9,1.86716,10450

FINITE MDP MODEL (CLASSIC): 
250,6920.74,0.569598,10450

INFINITE MDP: 
500,13661.4,0.757552,10450.5

FINITE MDP MODEL (TREE): 
500,13538.4,4.14314,10445.5

FINITE MDP MODEL (CLASSIC): 
500,13499.9,1.15022,10445.5

INFINITE MDP: 
750,20590,1.1353,10450.5

FINITE MDP MODEL (TREE): 
750,20548.7,6.44303,10433

FINITE MDP MODEL (CLASSIC): 
750,20521.2,1.71669,10433

INFINITE MDP: 
1000,29063,1.49912,10450.5

FINITE MDP MODEL (TREE): 
1000,29056.1,9.07043,10433

FINITE MDP MODEL (CLASSIC): 
1000,29028.3,2.27971,10433

INFINITE MDP: 
2500,67748.8,3.74717,10450.5

FINITE MDP MODEL (TREE): 
2500,67748.8,25.0598,10433

FINITE MDP MODEL (CLASSIC): 
2500,67712,5.75435,10433

INFINITE MDP: 
5000,129860,7.48642,10450.5

FINITE MDP MODEL (TREE): 
5000,131898,54.1286,10068.6

FINITE MDP MODEL (CLASSIC): 
5000,131864,11.4611,9349.18

INFINITE MDP: 
7500,194726,11.2931,10450.5

FINITE MDP MODEL (TREE): 
7500,194726,85.251,9349.18

FINITE MDP MODEL (CLASSIC): 
7500,194719,17.0728,9349.18

INFINITE MDP: 
10000,265479,14.9558,10450.5

FINITE MDP MODEL (TREE): 
10000,265479,116.682,9349.18

FINITE MDP MODEL (CLASSIC): 
10000,265440,23.0594,10450.3

INFINITE MDP: 
100,2537.17,0.158142,10450.5

FINITE MDP MODEL (TREE): 
100,2502.44,0.617633,10450.3

FINITE MDP MODEL (CLASSIC): 
100,2501.16,0.229596,10450.3

INFINITE MDP: 
250,6975.8,0.381795,10450.5

FINITE MDP MODEL (TREE): 
250,7002.94,1.8619,10449.8

FINITE MDP MODEL (CLASSIC): 
250,6977.5,0.569383,10449.8

INFINITE MDP: 
500,12620.1,0.756757,10450.5

FINITE MDP MODEL (TREE): 
500,12620.1,4.15334,10449.8

FINITE MDP MODEL (CLASSIC): 
500,12583.6,1.14325,10449.8

INFINITE MDP: 
750,20733.3,1.12468,10450.5

FINITE MDP MODEL (TREE): 
750,20733.3,6.41345,10449.8

FINITE MDP MODEL (CLASSIC): 
750,20709.8,1.70789,10433

INFINITE MDP: 
1000,25798.6,1.50542,10450.5

FINITE MDP MODEL (TREE): 
1000,25141.9,9.10353,10433

FINITE MDP MODEL (CLASSIC): 
1000,25124.5,2.2884,10433

INFINITE MDP: 
2500,67614.3,3.73938,10450.5

FINITE MDP MODEL (TREE): 
2500,67909.9,24.9137,10433

FINITE MDP MODEL (CLASSIC): 
2500,67873.4,5.75854,10433

INFINITE MDP: 
5000,138989,7.41226,10450.5

FINITE MDP MODEL (TREE): 
5000,138868,53.7401,9960.18

FINITE MDP MODEL (CLASSIC): 
5000,138834,11.3428,9959.19

INFINITE MDP: 
7500,199584,11.2552,10450.5

FINITE MDP MODEL (TREE): 
7500,202397,85.5194,9959.19

FINITE MDP MODEL (CLASSIC): 
7500,202388,17.1731,9829.84

INFINITE MDP: 
10000,268238,14.929,10450.5

FINITE MDP MODEL (TREE): 
10000,268238,116.404,9829.84

FINITE MDP MODEL (CLASSIC): 
10000,268200,22.9173,10450.5

INFINITE MDP: 
100,2307.44,0.157819,10450.5

FINITE MDP MODEL (TREE): 
100,2309.99,0.621661,10450.5

FINITE MDP MODEL (CLASSIC): 
100,2308.71,0.229957,10450.5

INFINITE MDP: 
250,7078.84,0.383859,10450.5

FINITE MDP MODEL (TREE): 
250,7036.32,1.87314,10450.5

FINITE MDP MODEL (CLASSIC): 
250,6997.81,0.57177,10450.5

INFINITE MDP: 
500,11639.3,0.748784,10450.5

FINITE MDP MODEL (TREE): 
500,11629.6,4.11651,10450.5

FINITE MDP MODEL (CLASSIC): 
500,11595,1.13352,10450.5

INFINITE MDP: 
750,19471.1,1.13196,10450.5

FINITE MDP MODEL (TREE): 
750,19471.1,6.45545,10450.5

FINITE MDP MODEL (CLASSIC): 
750,19447.5,1.71834,10450.5

INFINITE MDP: 
1000,28220.6,1.49519,10450.5

FINITE MDP MODEL (TREE): 
1000,28280,9.08577,10450.5

FINITE MDP MODEL (CLASSIC): 
1000,28259.2,2.2737,10433

INFINITE MDP: 
2500,68518.9,3.75233,10450.5

FINITE MDP MODEL (TREE): 
2500,68518.9,24.9815,10433

FINITE MDP MODEL (CLASSIC): 
2500,68484.3,5.75647,10433

INFINITE MDP: 
5000,132291,7.44824,10450.5

FINITE MDP MODEL (TREE): 
5000,131342,53.9255,10045.9

FINITE MDP MODEL (CLASSIC): 
5000,131318,11.4026,10045.9

INFINITE MDP: 
7500,202835,11.181,10450.5

FINITE MDP MODEL (TREE): 
7500,203220,85.1979,10045.9

FINITE MDP MODEL (CLASSIC): 
7500,203211,17.0788,9349.18

INFINITE MDP: 
10000,266711,15.0387,10450.5

FINITE MDP MODEL (TREE): 
10000,270036,116.868,9349.18

FINITE MDP MODEL (CLASSIC): 
10000,269997,23.0773,10450.3

INFINITE MDP: 
100,2192.23,0.158737,10450.5

FINITE MDP MODEL (TREE): 
100,2192.61,0.617099,10450.3

FINITE MDP MODEL (CLASSIC): 
100,2191.33,0.228413,10450.3

INFINITE MDP: 
250,6936.8,0.380825,10450.5

FINITE MDP MODEL (TREE): 
250,6216.58,1.8663,10450.3

FINITE MDP MODEL (CLASSIC): 
250,6184.79,0.571783,10449.7

INFINITE MDP: 
500,12790.8,0.751752,10450.5

FINITE MDP MODEL (TREE): 
500,11855.4,4.13769,10445.5

FINITE MDP MODEL (CLASSIC): 
500,11826.6,1.14625,10445.5

INFINITE MDP: 
750,19920,1.12932,10450.5

FINITE MDP MODEL (TREE): 
750,18888.2,6.50011,10433

FINITE MDP MODEL (CLASSIC): 
750,18872.5,1.71118,10433

INFINITE MDP: 
1000,28063.2,1.51243,10450.5

FINITE MDP MODEL (TREE): 
1000,26343.2,9.11475,10433

FINITE MDP MODEL (CLASSIC): 
1000,26322.3,2.27875,10433

INFINITE MDP: 
2500,62163.4,3.72774,10450.5

FINITE MDP MODEL (TREE): 
2500,69458.1,24.9236,10433

FINITE MDP MODEL (CLASSIC): 
2500,69427.4,5.74604,10433

INFINITE MDP: 
5000,134610,7.4876,10450.5

FINITE MDP MODEL (TREE): 
5000,134610,54.1408,10116.2

FINITE MDP MODEL (CLASSIC): 
5000,134586,11.5361,10116.2

INFINITE MDP: 
7500,185326,11.2342,10450.5

FINITE MDP MODEL (TREE): 
7500,185326,85.6016,10116.2

FINITE MDP MODEL (CLASSIC): 
7500,185320,17.1077,10116.2

INFINITE MDP: 
10000,270556,14.9554,10450.5

FINITE MDP MODEL (TREE): 
10000,270240,116.618,10116.2

FINITE MDP MODEL (CLASSIC): 
10000,270205,22.8922,10450.4

INFINITE MDP: 
100,2592.3,0.158331,10450.5

FINITE MDP MODEL (TREE): 
100,2613.27,0.619569,10450.4

FINITE MDP MODEL (CLASSIC): 
100,2611.99,0.230577,10450.4

INFINITE MDP: 
250,6921.54,0.384482,10450.5

FINITE MDP MODEL (TREE): 
250,6921.54,1.86314,10450.4

FINITE MDP MODEL (CLASSIC): 
250,6883.38,0.570696,10450.4

INFINITE MDP: 
500,13355.7,0.752281,10450.5

FINITE MDP MODEL (TREE): 
500,13355.7,4.13511,10450.4

FINITE MDP MODEL (CLASSIC): 
500,13321.1,1.13965,10449.8

INFINITE MDP: 
750,19901.6,1.12765,10450.5

FINITE MDP MODEL (TREE): 
750,19438.5,6.41453,10449.8

FINITE MDP MODEL (CLASSIC): 
750,19404,1.70624,10449.8

INFINITE MDP: 
1000,25797.1,1.49456,10450.5

FINITE MDP MODEL (TREE): 
1000,25752.6,9.08271,10449.8

FINITE MDP MODEL (CLASSIC): 
1000,25721.3,2.27721,10449.8

INFINITE MDP: 
2500,69334,3.75609,10450.5

FINITE MDP MODEL (TREE): 
2500,69443.9,25.0314,10449.8

FINITE MDP MODEL (CLASSIC): 
2500,69407.1,5.71785,10449.8

INFINITE MDP: 
5000,132030,7.45866,10450.5

FINITE MDP MODEL (TREE): 
5000,131567,53.9495,10449.8

FINITE MDP MODEL (CLASSIC): 
5000,131543,11.3977,10449.8

INFINITE MDP: 
7500,204108,11.1387,10450.5

FINITE MDP MODEL (TREE): 
7500,202729,84.8056,10449.8

FINITE MDP MODEL (CLASSIC): 
7500,202720,17.0083,10449.8

INFINITE MDP: 
10000,258594,14.8757,10450.5

FINITE MDP MODEL (TREE): 
10000,258594,116.219,10449.8

FINITE MDP MODEL (CLASSIC): 
10000,258559,22.9302,10450.3

INFINITE MDP: 
100,2610.94,0.155644,10450.5

FINITE MDP MODEL (TREE): 
100,2614.34,0.61516,10450.3

FINITE MDP MODEL (CLASSIC): 
100,2613.05,0.227353,10450.3

INFINITE MDP: 
250,6911.2,0.382807,10450.5

FINITE MDP MODEL (TREE): 
250,6774.81,1.86656,10450.3

FINITE MDP MODEL (CLASSIC): 
250,6736.65,0.56989,10445.5

INFINITE MDP: 
500,12365.8,0.751659,10450.5

FINITE MDP MODEL (TREE): 
500,12365.8,4.11926,10445.5

FINITE MDP MODEL (CLASSIC): 
500,12327.2,1.14252,10445.5

INFINITE MDP: 
750,20791,1.11894,10450.5

FINITE MDP MODEL (TREE): 
750,20745.1,6.39563,10433

FINITE MDP MODEL (CLASSIC): 
750,20713.7,1.70379,10433

INFINITE MDP: 
1000,28646.2,1.49423,10450.5

FINITE MDP MODEL (TREE): 
1000,28646.2,9.05952,10433

FINITE MDP MODEL (CLASSIC): 
1000,28618.4,2.27157,10433

INFINITE MDP: 
2500,64257.7,3.71778,10450.5

FINITE MDP MODEL (TREE): 
2500,63397.7,24.8682,10433

FINITE MDP MODEL (CLASSIC): 
2500,63359.2,5.72643,10433

INFINITE MDP: 
5000,132127,7.41668,10450.5

FINITE MDP MODEL (TREE): 
5000,132100,53.8464,10114.6

FINITE MDP MODEL (CLASSIC): 
5000,132063,11.3427,10114.6

INFINITE MDP: 
7500,202397,11.2618,10450.5

FINITE MDP MODEL (TREE): 
7500,202839,85.6956,10114.6

FINITE MDP MODEL (CLASSIC): 
7500,202829,17.1456,10114.6

INFINITE MDP: 
10000,258364,14.9992,10450.5

FINITE MDP MODEL (TREE): 
10000,264138,116.686,10114.6

FINITE MDP MODEL (CLASSIC): 
10000,264100,22.9138,10450.4

INFINITE MDP: 
100,2289.38,0.157618,10450.5

FINITE MDP MODEL (TREE): 
100,2273.38,0.620021,10450.4

FINITE MDP MODEL (CLASSIC): 
100,2272.09,0.230144,10450.4

INFINITE MDP: 
250,7167.97,0.378295,10450.5

FINITE MDP MODEL (TREE): 
250,7187.28,1.85542,10450.6

FINITE MDP MODEL (CLASSIC): 
250,7148.77,0.568375,10449.7

INFINITE MDP: 
500,12991.5,0.753808,10450.5

FINITE MDP MODEL (TREE): 
500,12949.9,4.12975,10449.7

FINITE MDP MODEL (CLASSIC): 
500,12911.4,1.13744,10449.7

INFINITE MDP: 
750,20578.8,1.13019,10450.5

FINITE MDP MODEL (TREE): 
750,20476.5,6.44327,10449.7

FINITE MDP MODEL (CLASSIC): 
750,20449.1,1.71088,10449.7

INFINITE MDP: 
1000,25743.1,1.49819,10450.5

FINITE MDP MODEL (TREE): 
1000,25661.6,9.09643,10449.7

FINITE MDP MODEL (CLASSIC): 
1000,25647.6,2.28229,10433

INFINITE MDP: 
2500,64192.3,3.75667,10450.5

FINITE MDP MODEL (TREE): 
2500,64586,25.0187,10433

FINITE MDP MODEL (CLASSIC): 
2500,64547.4,5.73964,10433

INFINITE MDP: 
5000,132220,7.48093,10450.5

FINITE MDP MODEL (TREE): 
5000,133198,54.1645,10423.6

FINITE MDP MODEL (CLASSIC): 
5000,133164,11.4024,10244.6

INFINITE MDP: 
7500,195556,11.178,10450.5

FINITE MDP MODEL (TREE): 
7500,195292,85.2759,10244.6

FINITE MDP MODEL (CLASSIC): 
7500,195286,17.1322,10243.6

INFINITE MDP: 
10000,267599,14.9118,10450.5

FINITE MDP MODEL (TREE): 
10000,268152,116.115,9349.18

FINITE MDP MODEL (CLASSIC): 
10000,268116,22.9843,10450.3

INFINITE MDP: 
100,2401.21,0.159873,10450.5

FINITE MDP MODEL (TREE): 
100,2494.08,0.616264,10450.3

FINITE MDP MODEL (CLASSIC): 
100,2492.8,0.228943,10450.3

INFINITE MDP: 
250,7015.18,0.38354,10450.5

FINITE MDP MODEL (TREE): 
250,7112.64,1.87503,10450.3

FINITE MDP MODEL (CLASSIC): 
250,7076.13,0.570946,10450.3

INFINITE MDP: 
500,13347.5,0.753504,10450.5

FINITE MDP MODEL (TREE): 
500,13347.5,4.13283,10450.3

FINITE MDP MODEL (CLASSIC): 
500,13309,1.13919,10450.3

INFINITE MDP: 
750,20428.9,1.12865,10450.5

FINITE MDP MODEL (TREE): 
750,20428.9,6.44415,10450.3

FINITE MDP MODEL (CLASSIC): 
750,20409.3,1.71223,10450.3

INFINITE MDP: 
1000,26880.3,1.50102,10450.5

FINITE MDP MODEL (TREE): 
1000,26880.3,9.0932,10450.3

FINITE MDP MODEL (CLASSIC): 
1000,26852.5,2.27322,10433

INFINITE MDP: 
2500,62506.9,3.75775,10450.5

FINITE MDP MODEL (TREE): 
2500,61851.5,25.0029,10433

FINITE MDP MODEL (CLASSIC): 
2500,61820.7,5.74304,10433

INFINITE MDP: 
5000,136731,7.46152,10450.5

FINITE MDP MODEL (TREE): 
5000,136707,54.0102,10110

FINITE MDP MODEL (CLASSIC): 
5000,136673,11.384,10109.9

INFINITE MDP: 
7500,181312,11.1047,10450.5

FINITE MDP MODEL (TREE): 
7500,181312,85.0053,10109.9

FINITE MDP MODEL (CLASSIC): 
7500,181302,17.0167,9702.76

INFINITE MDP: 
10000,270297,15.0239,10450.5

FINITE MDP MODEL (TREE): 
10000,268874,116.652,9702.76

FINITE MDP MODEL (CLASSIC): 
10000,268836,23.0365,10450.3

INFINITE MDP: 
100,2305.21,0.159368,10450.5

FINITE MDP MODEL (TREE): 
100,2305.21,0.618999,10450.3

FINITE MDP MODEL (CLASSIC): 
100,2303.93,0.229914,10450.3

INFINITE MDP: 
250,7050.33,0.37909,10450.5

FINITE MDP MODEL (TREE): 
250,7109.78,1.86112,10450.3

FINITE MDP MODEL (CLASSIC): 
250,7077.98,0.570234,10450.3

INFINITE MDP: 
500,12975.3,0.751056,10450.5

FINITE MDP MODEL (TREE): 
500,12975.3,4.12081,10450.3

FINITE MDP MODEL (CLASSIC): 
500,12940.7,1.13533,10450.3

INFINITE MDP: 
750,20147.3,1.11607,10450.5

FINITE MDP MODEL (TREE): 
750,19763.3,6.38738,10450.3

FINITE MDP MODEL (CLASSIC): 
750,19743.7,1.69806,10433

INFINITE MDP: 
1000,28128.2,1.48779,10450.5

FINITE MDP MODEL (TREE): 
1000,28203.7,9.04795,10433

FINITE MDP MODEL (CLASSIC): 
1000,28186.3,2.26492,10433

INFINITE MDP: 
2500,67045.6,3.75322,10450.5

FINITE MDP MODEL (TREE): 
2500,66853.2,25.0714,10433

FINITE MDP MODEL (CLASSIC): 
2500,66814.7,5.76139,10433

INFINITE MDP: 
5000,136732,7.49605,10450.5

FINITE MDP MODEL (TREE): 
5000,134399,54.2279,10111

FINITE MDP MODEL (CLASSIC): 
5000,134376,11.4288,10110.1

INFINITE MDP: 
7500,199202,11.1471,10450.5

FINITE MDP MODEL (TREE): 
7500,200896,85.2198,10110.1

FINITE MDP MODEL (CLASSIC): 
7500,200886,17.049,10110.1

INFINITE MDP: 
10000,265538,14.9793,10450.5

FINITE MDP MODEL (TREE): 
10000,272735,116.915,10110.1

FINITE MDP MODEL (CLASSIC): 
10000,272698,22.9466,10450.4

INFINITE MDP: 
100,2194.31,0.15865,10450.5

FINITE MDP MODEL (TREE): 
100,2259.48,0.617201,10450.4

FINITE MDP MODEL (CLASSIC): 
100,2258.2,0.229288,10450.4

INFINITE MDP: 
250,6867.01,0.383389,10450.5

FINITE MDP MODEL (TREE): 
250,6910.18,1.87588,10450.4

FINITE MDP MODEL (CLASSIC): 
250,6871.67,0.572712,10450.4

INFINITE MDP: 
500,13387.7,0.753243,10450.5

FINITE MDP MODEL (TREE): 
500,13330.4,4.13694,10450.4

FINITE MDP MODEL (CLASSIC): 
500,13301.6,1.14803,10445.5

INFINITE MDP: 
750,20419.4,1.13086,10450.5

FINITE MDP MODEL (TREE): 
750,20327.4,6.44168,10433

FINITE MDP MODEL (CLASSIC): 
750,20307.7,1.70946,10433

INFINITE MDP: 
1000,28277.8,1.49155,10450.5

FINITE MDP MODEL (TREE): 
1000,28113.1,9.05732,10433

FINITE MDP MODEL (CLASSIC): 
1000,28095.7,2.27711,10433

INFINITE MDP: 
2500,67764.8,3.74238,10450.5

FINITE MDP MODEL (TREE): 
2500,66630.2,24.9526,10433

FINITE MDP MODEL (CLASSIC): 
2500,66599.5,5.74541,10433

INFINITE MDP: 
5000,118328,7.45102,10450.5

FINITE MDP MODEL (TREE): 
5000,117973,54.0119,10138.8

FINITE MDP MODEL (CLASSIC): 
5000,117939,11.3753,10138.8

INFINITE MDP: 
7500,204999,11.2215,10450.5

FINITE MDP MODEL (TREE): 
7500,204356,85.5702,10138.8

FINITE MDP MODEL (CLASSIC): 
7500,204347,17.105,10138.8

INFINITE MDP: 
10000,261435,14.9928,10450.5

FINITE MDP MODEL (TREE): 
10000,261591,117.22,10138.8

FINITE MDP MODEL (CLASSIC): 
10000,261557,22.9589,10450.3

INFINITE MDP: 
100,2220.26,0.156617,10450.5

FINITE MDP MODEL (TREE): 
100,2220.26,0.614089,10450.3

FINITE MDP MODEL (CLASSIC): 
100,2218.98,0.228594,10450.3

INFINITE MDP: 
250,6753.86,0.381049,10450.5

FINITE MDP MODEL (TREE): 
250,6760.05,1.86833,10450.3

FINITE MDP MODEL (CLASSIC): 
250,6721.89,0.571468,10450.3

INFINITE MDP: 
500,13680.8,0.756219,10450.5

FINITE MDP MODEL (TREE): 
500,13356.9,4.14472,10450.3

FINITE MDP MODEL (CLASSIC): 
500,13322.4,1.14938,10450.3

INFINITE MDP: 
750,19442.4,1.12632,10450.5

FINITE MDP MODEL (TREE): 
750,19842.2,6.43287,10450.3

FINITE MDP MODEL (CLASSIC): 
750,19810.8,1.70623,10450.3

INFINITE MDP: 
1000,27146.7,1.49982,10450.5

FINITE MDP MODEL (TREE): 
1000,26969.7,9.096,10450.3

FINITE MDP MODEL (CLASSIC): 
1000,26952.3,2.2769,10450.3

INFINITE MDP: 
2500,70138.1,3.73586,10450.5

FINITE MDP MODEL (TREE): 
2500,70138.1,24.9194,10433

FINITE MDP MODEL (CLASSIC): 
2500,70099.6,5.74113,10433

INFINITE MDP: 
5000,112072,7.41954,10450.5

FINITE MDP MODEL (TREE): 
5000,114358,53.8438,10147

FINITE MDP MODEL (CLASSIC): 
5000,114330,11.3359,10147

INFINITE MDP: 
7500,200108,11.2086,10450.5

FINITE MDP MODEL (TREE): 
7500,200108,85.5107,10146.7

FINITE MDP MODEL (CLASSIC): 
7500,200099,17.089,9349.18

INFINITE MDP: 
10000,271683,14.9535,10450.5

FINITE MDP MODEL (TREE): 
10000,271683,116.835,9349.18

FINITE MDP MODEL (CLASSIC): 
10000,271642,23.0488,10450.3

INFINITE MDP: 
100,2424.59,0.156953,10450.5

FINITE MDP MODEL (TREE): 
100,2367.29,0.617135,10450.3

FINITE MDP MODEL (CLASSIC): 
100,2366.01,0.229815,10450.3

INFINITE MDP: 
250,6665.47,0.383386,10450.5

FINITE MDP MODEL (TREE): 
250,6230.38,1.86977,10449.8

FINITE MDP MODEL (CLASSIC): 
250,6204.94,0.570638,10449.8

INFINITE MDP: 
500,12883.8,0.756938,10450.5

FINITE MDP MODEL (TREE): 
500,12974.1,4.17002,10449.8

FINITE MDP MODEL (CLASSIC): 
500,12945.3,1.14183,10449.8

INFINITE MDP: 
750,18362.3,1.12393,10450.5

FINITE MDP MODEL (TREE): 
750,20645.4,6.42199,10449.8

FINITE MDP MODEL (CLASSIC): 
750,20621.8,1.71033,10449.8

INFINITE MDP: 
1000,27484.4,1.49506,10450.5

FINITE MDP MODEL (TREE): 
1000,28212.5,9.08341,10449.8

FINITE MDP MODEL (CLASSIC): 
1000,28184.6,2.2725,10449.8

INFINITE MDP: 
2500,70193.3,3.74904,10450.5

FINITE MDP MODEL (TREE): 
2500,69503.1,24.928,10449.8

FINITE MDP MODEL (CLASSIC): 
2500,69464.6,5.7072,10449.8

INFINITE MDP: 
5000,135468,7.47565,10450.5

FINITE MDP MODEL (TREE): 
5000,134029,54.1173,10221.2

FINITE MDP MODEL (CLASSIC): 
5000,134005,11.3973,10221.2

INFINITE MDP: 
7500,195089,11.1875,10450.5

FINITE MDP MODEL (TREE): 
7500,193639,85.4334,10221.2

FINITE MDP MODEL (CLASSIC): 
7500,193633,17.0825,10221.2

INFINITE MDP: 
10000,257132,14.8867,10450.5

FINITE MDP MODEL (TREE): 
10000,257124,116.194,10221.2

FINITE MDP MODEL (CLASSIC): 
10000,257090,22.7302,10450.4

INFINITE MDP: 
100,2612.77,0.157291,10450.5

FINITE MDP MODEL (TREE): 
100,2612.77,0.612945,10450.4

FINITE MDP MODEL (CLASSIC): 
100,2611.48,0.227841,10450.4

INFINITE MDP: 
250,6919.58,0.377368,10450.5

FINITE MDP MODEL (TREE): 
250,6898.21,1.85245,10450.4

FINITE MDP MODEL (CLASSIC): 
250,6860.05,0.567284,10450.4

INFINITE MDP: 
500,12363.9,0.75196,10450.5

FINITE MDP MODEL (TREE): 
500,12330.8,4.11857,10450.4

FINITE MDP MODEL (CLASSIC): 
500,12296.2,1.13676,10450.4

INFINITE MDP: 
750,20333.3,1.11897,10450.5

FINITE MDP MODEL (TREE): 
750,20268.2,6.37924,10450.4

FINITE MDP MODEL (CLASSIC): 
750,20248.6,1.7119,10450

INFINITE MDP: 
1000,28079.8,1.5377,10450.5

FINITE MDP MODEL (TREE): 
1000,27011.7,9.12582,10450

FINITE MDP MODEL (CLASSIC): 
1000,26990.8,2.28411,10433

INFINITE MDP: 
2500,69204,3.7587,10450.5

FINITE MDP MODEL (TREE): 
2500,69026.9,24.972,10433

FINITE MDP MODEL (CLASSIC): 
2500,68988.4,5.74915,10433

INFINITE MDP: 
5000,128485,7.47323,10450.5

FINITE MDP MODEL (TREE): 
5000,128485,54.0734,9729.93

FINITE MDP MODEL (CLASSIC): 
5000,128461,11.4149,9729.93

INFINITE MDP: 
7500,203369,11.199,10450.5

FINITE MDP MODEL (TREE): 
7500,203369,86.3045,9729.93

FINITE MDP MODEL (CLASSIC): 
7500,203359,17.0962,9729.93

INFINITE MDP: 
10000,251287,14.992,10450.5

FINITE MDP MODEL (TREE): 
10000,250752,118.626,9729.93

FINITE MDP MODEL (CLASSIC): 
10000,250724,23.8008,10450.4

INFINITE MDP: 
100,2534.34,0.15873,10450.5

FINITE MDP MODEL (TREE): 
100,2164.06,0.623265,10450.4

FINITE MDP MODEL (CLASSIC): 
100,2162.78,0.236739,10450

INFINITE MDP: 
250,7197.35,0.40289,10450.5

FINITE MDP MODEL (TREE): 
250,7197.35,1.91056,10449.7

FINITE MDP MODEL (CLASSIC): 
250,7158.84,0.576196,10449.7

INFINITE MDP: 
500,12674.7,0.77644,10450.5

FINITE MDP MODEL (TREE): 
500,12427.7,4.18819,10449.7

FINITE MDP MODEL (CLASSIC): 
500,12399,1.14133,10449.7

INFINITE MDP: 
750,20791.1,1.13149,10450.5

FINITE MDP MODEL (TREE): 
750,20791.1,6.41032,10449.7

FINITE MDP MODEL (CLASSIC): 
750,20756.6,1.76697,10449.7

INFINITE MDP: 
1000,28220.2,1.56167,10450.5

FINITE MDP MODEL (TREE): 
1000,28185.7,9.24425,10449.7

FINITE MDP MODEL (CLASSIC): 
1000,28161.3,2.32202,10449.7

INFINITE MDP: 
2500,68636.2,3.73305,10450.5

FINITE MDP MODEL (TREE): 
2500,68636.2,24.956,10433

FINITE MDP MODEL (CLASSIC): 
2500,68605.5,5.83897,10433

INFINITE MDP: 
5000,139573,7.65786,10450.5

FINITE MDP MODEL (TREE): 
5000,138926,54.217,9890.96

FINITE MDP MODEL (CLASSIC): 
5000,138897,11.3971,9349.18

INFINITE MDP: 
7500,195391,11.3883,10450.5

FINITE MDP MODEL (TREE): 
7500,195391,85.6495,9349.18

FINITE MDP MODEL (CLASSIC): 
7500,195384,17.1702,9349.18

INFINITE MDP: 
10000,264168,15.0143,10450.5

FINITE MDP MODEL (TREE): 
10000,264168,116.405,9349.18

FINITE MDP MODEL (CLASSIC): 
10000,264134,22.9981,10450.3

INFINITE MDP: 
100,2012.59,0.159621,10450.5

FINITE MDP MODEL (TREE): 
100,2000.31,0.624103,10450.3

FINITE MDP MODEL (CLASSIC): 
100,1999.03,0.230521,10450.3

INFINITE MDP: 
250,6808.88,0.38713,10450.5

FINITE MDP MODEL (TREE): 
250,6808.88,1.88577,10450.3

FINITE MDP MODEL (CLASSIC): 
250,6777.08,0.57253,10450.3

INFINITE MDP: 
500,13454,0.761913,10450.5

FINITE MDP MODEL (TREE): 
500,13454,4.14743,10450.3

FINITE MDP MODEL (CLASSIC): 
500,13417.5,1.1484,10450.3

INFINITE MDP: 
750,20676.5,1.14534,10450.5

FINITE MDP MODEL (TREE): 
750,20737.2,6.4328,10450.3

FINITE MDP MODEL (CLASSIC): 
750,20713.6,1.7404,10450.3

INFINITE MDP: 
1000,27901.3,1.54364,10450.5

FINITE MDP MODEL (TREE): 
1000,27360.8,9.45801,10450.3

FINITE MDP MODEL (CLASSIC): 
1000,27339.9,2.38216,10433

INFINITE MDP: 
2500,66741.7,3.79034,10450.5

FINITE MDP MODEL (TREE): 
2500,66741.7,25.3142,10433

FINITE MDP MODEL (CLASSIC): 
2500,66705.2,5.72332,10433

INFINITE MDP: 
5000,137789,7.52066,10450.5

FINITE MDP MODEL (TREE): 
5000,137789,54.2947,10365.5

FINITE MDP MODEL (CLASSIC): 
5000,137752,11.6287,10111

INFINITE MDP: 
7500,206082,11.292,10450.5

FINITE MDP MODEL (TREE): 
7500,206795,86.3543,10111

FINITE MDP MODEL (CLASSIC): 
7500,206785,17.14,9702.76

INFINITE MDP: 
10000,264738,15.3332,10450.5

FINITE MDP MODEL (TREE): 
10000,264738,119.098,9702.76

FINITE MDP MODEL (CLASSIC): 
10000,264703,23.4319,10450.4


100 , 2326.96 , 2297.19 , 2295.91
250 , 6935 , 6877.72 , 6842.2
500 , 13005.7 , 12909.3 , 12875.9
750 , 19940.9 , 20094.6 , 20070.2
1000 , 27604.5 , 27341.1 , 27318.9
2500 , 67430.5 , 67614 , 67578.7
5000 , 131982 , 132021 , 131991
7500 , 199046 , 198765 , 198757
10000 , 264072 , 264932 , 264896
0 , 0 , 0 , 0
81 , 0 , 0 , 0
